#
# There is insufficient memory for the Java Runtime Environment to continue.
# Native memory allocation (malloc) failed to allocate 33952 bytes for Chunk::new
# Possible reasons:
#   The system is out of physical RAM or swap space
#   In 32 bit mode, the process size limit was hit
# Possible solutions:
#   Reduce memory load on the system
#   Increase physical memory or swap space
#   Check if swap backing store is full
#   Use 64 bit Java on a 64 bit OS
#   Decrease Java heap size (-Xmx/-Xms)
#   Decrease number of Java threads
#   Decrease Java thread stack sizes (-Xss)
#   Set larger code cache with -XX:ReservedCodeCacheSize=
# This output file may be truncated or incomplete.
#
#  Out of Memory Error (allocation.cpp:390), pid=16972, tid=0x0000000000003854
#
# JRE version: OpenJDK Runtime Environment (8.0_76-b03) (build 1.8.0_76-release-b03)
# Java VM: OpenJDK 64-Bit Server VM (25.76-b03 mixed mode windows-amd64 compressed oops)
# Failed to write core dump. Minidumps are not enabled by default on client versions of Windows
#

---------------  T H R E A D  ---------------

Current thread (0x0000000014add000):  JavaThread "C2 CompilerThread1" daemon [_thread_in_native, id=14420, stack(0x00000000161d0000,0x00000000162d0000)]

Stack: [0x00000000161d0000,0x00000000162d0000]
[error occurred during error reporting (printing stack bounds), id 0xc0000005]

Native frames: (J=compiled Java code, j=interpreted, Vv=VM code, C=native code)


Current CompileTask:
C2:   3480 1251       4       com.android.dx.rop.code.LocalVariableInfo::mergeStarts (75 bytes)


---------------  P R O C E S S  ---------------

Java Threads: ( => current thread )
  0x0000000014aee800 JavaThread "Service Thread" daemon [_thread_blocked, id=18080, stack(0x00000000167d0000,0x00000000168d0000)]
  0x0000000014ae8800 JavaThread "C1 CompilerThread2" daemon [_thread_in_native, id=20040, stack(0x00000000162d0000,0x00000000163d0000)]
=>0x0000000014add000 JavaThread "C2 CompilerThread1" daemon [_thread_in_native, id=14420, stack(0x00000000161d0000,0x00000000162d0000)]
  0x0000000014a8b800 JavaThread "C2 CompilerThread0" daemon [_thread_in_native, id=15300, stack(0x00000000160d0000,0x00000000161d0000)]
  0x0000000014a8a000 JavaThread "Attach Listener" daemon [_thread_blocked, id=12536, stack(0x0000000015fd0000,0x00000000160d0000)]
  0x0000000014a89000 JavaThread "Signal Dispatcher" daemon [_thread_blocked, id=18188, stack(0x0000000015ed0000,0x0000000015fd0000)]
  0x0000000014a78800 JavaThread "Finalizer" daemon [_thread_blocked, id=18136, stack(0x0000000015ce0000,0x0000000015de0000)]
  0x00000000023b0800 JavaThread "Reference Handler" daemon [_thread_blocked, id=19048, stack(0x0000000015be0000,0x0000000015ce0000)]
  0x00000000021bd800 JavaThread "main" [_thread_in_Java, id=12188, stack(0x00000000021c0000,0x00000000022c0000)]

Other Threads:
  0x0000000014a56000 VMThread [stack: 0x0000000015ae0000,0x0000000015be0000] [id=6924]
  0x00000000163d0800 WatcherThread [stack: 0x00000000168d0000,0x00000000169d0000] [id=9140]

VM state:not at safepoint (normal execution)

VM Mutex/Monitor currently owned by a thread: None

Heap:
 PSYoungGen      total 38400K, used 22572K [0x00000000eab00000, 0x00000000ef600000, 0x0000000100000000)
  eden space 33280K, 52% used [0x00000000eab00000,0x00000000ebc0e4f0,0x00000000ecb80000)
  from space 5120K, 99% used [0x00000000ecb80000,0x00000000ed07ccf0,0x00000000ed080000)
  to   space 5120K, 0% used [0x00000000ef100000,0x00000000ef100000,0x00000000ef600000)
 ParOldGen       total 87552K, used 460K [0x00000000c0000000, 0x00000000c5580000, 0x00000000eab00000)
  object space 87552K, 0% used [0x00000000c0000000,0x00000000c0073258,0x00000000c5580000)
 Metaspace       used 5613K, capacity 6896K, committed 7040K, reserved 1056768K
  class space    used 536K, capacity 616K, committed 640K, reserved 1048576K

Card table byte_map: [0x0000000011780000,0x0000000011990000] byte_map_base: 0x0000000011180000

Marking Bits: (ParMarkBitMap*) 0x000000005ae59d00
 Begin Bits: [0x0000000011ef0000, 0x0000000012ef0000)
 End Bits:   [0x0000000012ef0000, 0x0000000013ef0000)

Polling page: 0x0000000000670000

CodeCache: size=245760Kb used=5480Kb max_used=5480Kb free=240279Kb
 bounds [0x00000000023c0000, 0x0000000002920000, 0x00000000113c0000]
 total_blobs=1560 nmethods=1296 adapters=178
 compilation: enabled

Compilation events (10 events):
Event: 3.398 Thread 0x0000000014ae8800 nmethod 1246 0x00000000028cc0d0 code [0x00000000028cc6c0, 0x00000000028d08b8]
Event: 3.399 Thread 0x0000000014ae8800 1247       3       com.android.dx.ssa.DomFront::buildDomTree (72 bytes)
Event: 3.400 Thread 0x0000000014ae8800 nmethod 1247 0x00000000028c7c10 code [0x00000000028c7e80, 0x00000000028c8d08]
Event: 3.400 Thread 0x0000000014ae8800 1248       3       com.android.dx.ssa.DomFront::run (264 bytes)
Event: 3.404 Thread 0x0000000014ae8800 nmethod 1248 0x00000000028d4250 code [0x00000000028d47e0, 0x00000000028d7e68]
Event: 3.404 Thread 0x0000000014ae8800 1249       3       com.android.dx.ssa.SsaConverter::placePhiFunctions (394 bytes)
Event: 3.405 Thread 0x0000000014add000 1251       4       com.android.dx.rop.code.LocalVariableInfo::mergeStarts (75 bytes)
Event: 3.409 Thread 0x0000000014ae8800 nmethod 1249 0x00000000028d9d10 code [0x00000000028da2c0, 0x00000000028dd8e8]
Event: 3.409 Thread 0x0000000014ae8800 1250       3       com.android.dx.ssa.PhiTypeResolver::run (179 bytes)
Event: 3.410 Thread 0x0000000014ae8800 nmethod 1250 0x00000000028c5fd0 code [0x00000000028c6260, 0x00000000028c7408]

GC Heap History (2 events):
Event: 2.803 GC heap before
{Heap before GC invocations=1 (full 0):
 PSYoungGen      total 38400K, used 33280K [0x00000000eab00000, 0x00000000ed580000, 0x0000000100000000)
  eden space 33280K, 100% used [0x00000000eab00000,0x00000000ecb80000,0x00000000ecb80000)
  from space 5120K, 0% used [0x00000000ed080000,0x00000000ed080000,0x00000000ed580000)
  to   space 5120K, 0% used [0x00000000ecb80000,0x00000000ecb80000,0x00000000ed080000)
 ParOldGen       total 87552K, used 0K [0x00000000c0000000, 0x00000000c5580000, 0x00000000eab00000)
  object space 87552K, 0% used [0x00000000c0000000,0x00000000c0000000,0x00000000c5580000)
 Metaspace       used 5522K, capacity 6832K, committed 7040K, reserved 1056768K
  class space    used 533K, capacity 616K, committed 640K, reserved 1048576K
Event: 2.838 GC heap after
Heap after GC invocations=1 (full 0):
 PSYoungGen      total 38400K, used 5107K [0x00000000eab00000, 0x00000000ef600000, 0x0000000100000000)
  eden space 33280K, 0% used [0x00000000eab00000,0x00000000eab00000,0x00000000ecb80000)
  from space 5120K, 99% used [0x00000000ecb80000,0x00000000ed07ccf0,0x00000000ed080000)
  to   space 5120K, 0% used [0x00000000ef100000,0x00000000ef100000,0x00000000ef600000)
 ParOldGen       total 87552K, used 460K [0x00000000c0000000, 0x00000000c5580000, 0x00000000eab00000)
  object space 87552K, 0% used [0x00000000c0000000,0x00000000c0073258,0x00000000c5580000)
 Metaspace       used 5522K, capacity 6832K, committed 7040K, reserved 1056768K
  class space    used 533K, capacity 616K, committed 640K, reserved 1048576K
}

Deoptimization events (10 events):
Event: 2.861 Thread 0x00000000021bd800 Uncommon trap: reason=bimorphic action=maybe_recompile pc=0x00000000025efa5c method=java.util.HashMap.getNode(ILjava/lang/Object;)Ljava/util/HashMap$Node; @ 126
Event: 2.861 Thread 0x00000000021bd800 Uncommon trap: reason=class_check action=maybe_recompile pc=0x0000000002770784 method=java.util.HashMap.putVal(ILjava/lang/Object;Ljava/lang/Object;ZZ)Ljava/lang/Object; @ 203
Event: 2.865 Thread 0x00000000021bd800 Uncommon trap: reason=bimorphic action=maybe_recompile pc=0x00000000027ac278 method=com.android.dx.ssa.SCCP.setLatticeValueTo(IILcom/android/dx/rop/cst/Constant;)Z @ 43
Event: 2.865 Thread 0x00000000021bd800 Uncommon trap: reason=bimorphic action=maybe_recompile pc=0x00000000027ac278 method=com.android.dx.ssa.SCCP.setLatticeValueTo(IILcom/android/dx/rop/cst/Constant;)Z @ 43
Event: 3.332 Thread 0x00000000021bd800 Uncommon trap: reason=bimorphic action=maybe_recompile pc=0x00000000028b46c0 method=com.android.dx.cf.code.BytecodeArray.parseInstruction(ILcom/android/dx/cf/code/BytecodeArray$Visitor;)I @ 1161
Event: 3.359 Thread 0x00000000021bd800 Uncommon trap: reason=bimorphic action=maybe_recompile pc=0x00000000028a172c method=com.android.dx.ssa.SCCP.simulatePhi(Lcom/android/dx/ssa/PhiInsn;)V @ 124
Event: 3.359 Thread 0x00000000021bd800 Uncommon trap: reason=bimorphic action=maybe_recompile pc=0x00000000028a172c method=com.android.dx.ssa.SCCP.simulatePhi(Lcom/android/dx/ssa/PhiInsn;)V @ 124
Event: 3.359 Thread 0x00000000021bd800 Uncommon trap: reason=bimorphic action=maybe_recompile pc=0x00000000028a172c method=com.android.dx.ssa.SCCP.simulatePhi(Lcom/android/dx/ssa/PhiInsn;)V @ 124
Event: 3.359 Thread 0x00000000021bd800 Uncommon trap: reason=bimorphic action=maybe_recompile pc=0x00000000028a172c method=com.android.dx.ssa.SCCP.simulatePhi(Lcom/android/dx/ssa/PhiInsn;)V @ 124
Event: 3.391 Thread 0x00000000021bd800 Uncommon trap: reason=bimorphic action=maybe_recompile pc=0x00000000028b46c0 method=com.android.dx.cf.code.BytecodeArray.parseInstruction(ILcom/android/dx/cf/code/BytecodeArray$Visitor;)I @ 1161

Internal exceptions (2 events):
Event: 0.054 Thread 0x00000000021bd800 Exception <a 'java/lang/NoSuchMethodError': Method sun.misc.Unsafe.defineClass(Ljava/lang/String;[BII)Ljava/lang/Class; name or signature does not match> (0x00000000eab07cc0) thrown at [C:\src\android\AOSP-openjdk\external\jetbrains\jdk\hotspot\src\share\v0<°;Ô«?
Event: 0.054 Thread 0x00000000021bd800 Exception <a 'java/lang/NoSuchMethodError': Method sun.misc.Unsafe.prefetchRead(Ljava/lang/Object;J)V name or signature does not match> (0x00000000eab07fa8) thrown at [C:\src\android\AOSP-openjdk\external\jetbrains\jdk\hotspot\src\share\vm\prims\jni.cpp, l

Events (10 events):
Event: 3.359 Thread 0x00000000021bd800 DEOPT UNPACKING pc=0x000000000240556a sp=0x00000000022be988 mode 2
Event: 3.359 Thread 0x00000000021bd800 Uncommon trap: trap_request=0xffffffc6 fr.pc=0x00000000028a172c
Event: 3.359 Thread 0x00000000021bd800 DEOPT PACKING pc=0x00000000028a172c sp=0x00000000022be9d0
Event: 3.359 Thread 0x00000000021bd800 DEOPT UNPACKING pc=0x000000000240556a sp=0x00000000022be988 mode 2
Event: 3.359 Thread 0x00000000021bd800 Uncommon trap: trap_request=0xffffffc6 fr.pc=0x00000000028a172c
Event: 3.359 Thread 0x00000000021bd800 DEOPT PACKING pc=0x00000000028a172c sp=0x00000000022be9d0
Event: 3.359 Thread 0x00000000021bd800 DEOPT UNPACKING pc=0x000000000240556a sp=0x00000000022be988 mode 2
Event: 3.391 Thread 0x00000000021bd800 Uncommon trap: trap_request=0xffffffc6 fr.pc=0x00000000028b46c0
Event: 3.391 Thread 0x00000000021bd800 DEOPT PACKING pc=0x00000000028b46c0 sp=0x00000000022be7b0
Event: 3.391 Thread 0x00000000021bd800 DEOPT UNPACKING pc=0x000000000240556a sp=0x00000000022be770 mode 2


Dynamic libraries:
0x00007ff70de60000 - 0x00007ff70de91000 	C:\Program Files\Android\Android Studio\jre\bin\java.exe
0x00007ffd69390000 - 0x00007ffd69561000 	C:\WINDOWS\SYSTEM32\ntdll.dll
0x00007ffd68650000 - 0x00007ffd686fb000 	C:\WINDOWS\System32\KERNEL32.DLL
0x00007ffd658a0000 - 0x00007ffd65abd000 	C:\WINDOWS\System32\KERNELBASE.dll
0x00007ffd66ca0000 - 0x00007ffd66d42000 	C:\WINDOWS\System32\ADVAPI32.dll
0x00007ffd66960000 - 0x00007ffd669fe000 	C:\WINDOWS\System32\msvcrt.dll
0x00007ffd68760000 - 0x00007ffd687b9000 	C:\WINDOWS\System32\sechost.dll
0x00007ffd66db0000 - 0x00007ffd66ed1000 	C:\WINDOWS\System32\RPCRT4.dll
0x00007ffd68860000 - 0x00007ffd689c5000 	C:\WINDOWS\System32\USER32.dll
0x00007ffd65880000 - 0x00007ffd6589e000 	C:\WINDOWS\System32\win32u.dll
0x00007ffd66920000 - 0x00007ffd66954000 	C:\WINDOWS\System32\GDI32.dll
0x00007ffd66210000 - 0x00007ffd66392000 	C:\WINDOWS\System32\gdi32full.dll
0x00007ffd5fca0000 - 0x00007ffd5ff1a000 	C:\WINDOWS\WinSxS\amd64_microsoft.windows.common-controls_6595b64144ccf1df_6.0.14393.351_none_4213128bc687e6d3\COMCTL32.dll
0x00007ffd68be0000 - 0x00007ffd68ea7000 	C:\WINDOWS\System32\combase.dll
0x00007ffd66730000 - 0x00007ffd66825000 	C:\WINDOWS\System32\ucrtbase.dll
0x00007ffd65ac0000 - 0x00007ffd65b2a000 	C:\WINDOWS\System32\bcryptPrimitives.dll
0x00007ffd67110000 - 0x00007ffd6713e000 	C:\WINDOWS\System32\IMM32.DLL
0x000000005a5c0000 - 0x000000005a692000 	C:\Program Files\Android\Android Studio\jre\jre\bin\msvcr100.dll
0x000000005a6a0000 - 0x000000005aed4000 	C:\Program Files\Android\Android Studio\jre\jre\bin\server\jvm.dll
0x00007ffd68f40000 - 0x00007ffd68f48000 	C:\WINDOWS\System32\PSAPI.DLL
0x00007ffd40e90000 - 0x00007ffd40e99000 	C:\WINDOWS\SYSTEM32\WSOCK32.dll
0x00007ffd68eb0000 - 0x00007ffd68f1a000 	C:\WINDOWS\System32\WS2_32.dll
0x00007ffd63560000 - 0x00007ffd63583000 	C:\WINDOWS\SYSTEM32\WINMM.dll
0x00007ffd5ff20000 - 0x00007ffd5ff2a000 	C:\WINDOWS\SYSTEM32\VERSION.dll
0x00007ffd63500000 - 0x00007ffd6352b000 	C:\WINDOWS\SYSTEM32\WINMMBASE.dll
0x00007ffd668d0000 - 0x00007ffd66912000 	C:\WINDOWS\System32\cfgmgr32.dll
0x00007ffd63640000 - 0x00007ffd6364f000 	C:\Program Files\Android\Android Studio\jre\jre\bin\verify.dll
0x00007ffd5d490000 - 0x00007ffd5d4b9000 	C:\Program Files\Android\Android Studio\jre\jre\bin\java.dll
0x00007ffd5aa90000 - 0x00007ffd5aaa6000 	C:\Program Files\Android\Android Studio\jre\jre\bin\zip.dll
0x00007ffd67140000 - 0x00007ffd68649000 	C:\WINDOWS\System32\SHELL32.dll
0x00007ffd65b30000 - 0x00007ffd6620a000 	C:\WINDOWS\System32\windows.storage.dll
0x00007ffd65830000 - 0x00007ffd6587c000 	C:\WINDOWS\System32\powrprof.dll
0x00007ffd68700000 - 0x00007ffd68752000 	C:\WINDOWS\System32\shlwapi.dll
0x00007ffd657f0000 - 0x00007ffd657ff000 	C:\WINDOWS\System32\kernel.appcore.dll
0x00007ffd66680000 - 0x00007ffd66729000 	C:\WINDOWS\System32\shcore.dll
0x00007ffd65810000 - 0x00007ffd65824000 	C:\WINDOWS\System32\profapi.dll

VM Arguments:
jvm_args: -Djava.awt.headless=true -Xmx1024M -Dfile.encoding=windows-1252 -Duser.country=IN -Duser.language=en -Duser.variant 
java_command: com.android.dx.command.Main --dex --force-jumbo --multi-dex --output C:\Users\USER\Downloads\Cognitive-Emotion-Android-master\Cognitive-Emotion-Android-master\Sample\app\build\intermediates\transforms\dex\debug\folders\1000\10\instant-run_77414ec3412616edee506f040a98f1c0a3b695af C:\Users\USER\Downloads\Cognitive-Emotion-Android-master\Cognitive-Emotion-Android-master\Sample\app\build\intermediates\incremental-runtime-classes\debug\instant-run.jar
java_class_path (initial): C:\Users\USER\AppData\Local\Android\sdk\build-tools\21.1.2\lib\dx.jar
Launcher Type: SUN_STANDARD

Environment Variables:
JAVA_HOME=C:\Program Files\Java\jdk1.8.0_91
PATH=C:\ProgramData\Oracle\Java\javapath;C:\WinAVR-20100110\bin;C:\WinAVR-20100110\utils\bin;C:\Program Files (x86)\NVIDIA Corporation\PhysX\Common;C:\Program Files (x86)\Intel\iCLS Client\;C:\Program Files\Intel\iCLS Client\;C:\WINDOWS\system32;C:\WINDOWS;C:\WINDOWS\System32\Wbem;C:\WINDOWS\System32\WindowsPowerShell\v1.0\;C:\Program Files\Intel\Intel(R) Management Engine Components\DAL;C:\Program Files (x86)\Intel\Intel(R) Management Engine Components\DAL;C:\Program Files\Intel\Intel(R) Management Engine Components\IPT;C:\Program Files (x86)\Intel\Intel(R) Management Engine Components\IPT;C:\Program Files\Intel\WiFi\bin\;C:\Program Files\Common Files\Intel\WirelessCommon\;C:\Program Files (x86)\Skype\Phone\;C:\Program Files\MATLAB\MATLAB Production Server\R2015a\runtime\win64;C:\Program Files\MATLAB\MATLAB Production Server\R2015a\bin;C:\Program Files\MATLAB\MATLAB Production Server\R2015a\polyspace\bin;C:\Program Files\MiKTeX 2.9\miktex\bin\x64\;C:\Program Files\nodejs\;C:\Program Files\Microsoft SQL Server\130\Tools\Binn\;C:\Program Files\Microsoft\Web Platform Installer\;C:\Program Files\dotnet\;C:\Program Files\Microsoft DNX\Dnvm\;C:\Program Files (x86)\Microsoft SQL Server\110\DTS\Binn\;C:\Program Files (x86)\Microsoft SQL Server\120\DTS\Binn\;C:\Program Files (x86)\Microsoft SQL Server\130\DTS\Binn\;C:\Program Files (x86)\Windows Live\Shared;C:\Program Files (x86)\QuickTime\QTSystem\;C:\Program Files\Java\jdk1.8.0_91\bin;C:\Users\USER\AppData\Local\Microsoft\WindowsApps;C:\Python27;C:\Users\USER\AppData\Roaming\npm;C:\Program Files (x86)\Microsoft VS Code\bin
USERNAME=USER
OS=Windows_NT
PROCESSOR_IDENTIFIER=Intel64 Family 6 Model 61 Stepping 4, GenuineIntel



---------------  S Y S T E M  ---------------

OS: Windows 10.0 , 64 bit Build 14393 (10.0.14393.0)

CPU:total 4 (2 cores per cpu, 2 threads per core) family 6 model 61 stepping 4, cmov, cx8, fxsr, mmx, sse, sse2, sse3, ssse3, sse4.1, sse4.2, popcnt, avx, avx2, aes, clmul, erms, 3dnowpref, lzcnt, ht, tsc, tscinvbit, bmi1, bmi2, adx

Memory: 4k page, physical 8296896k(2142352k free), swap 10250688k(5112k free)

vm_info: OpenJDK 64-Bit Server VM (25.76-b03) for windows-amd64 JRE (1.8.0_76-release-b03), built on Jun 29 2016 19:09:20 by "ralucas" with MS VC++ 10.0 (VS2010)

time: Fri Nov 04 01:04:12 2016
elapsed time: 3 seconds (0d 0h 0m 3s)

