#
# There is insufficient memory for the Java Runtime Environment to continue.
# Native memory allocation (malloc) failed to allocate 1048576 bytes for AllocateHeap
# Possible reasons:
#   The system is out of physical RAM or swap space
#   In 32 bit mode, the process size limit was hit
# Possible solutions:
#   Reduce memory load on the system
#   Increase physical memory or swap space
#   Check if swap backing store is full
#   Use 64 bit Java on a 64 bit OS
#   Decrease Java heap size (-Xmx/-Xms)
#   Decrease number of Java threads
#   Decrease Java thread stack sizes (-Xss)
#   Set larger code cache with -XX:ReservedCodeCacheSize=
# This output file may be truncated or incomplete.
#
#  Out of Memory Error (memory/allocation.inline.hpp:61), pid=5340, tid=0x0000000000004be8
#
# JRE version:  (8.0_76-b03) (build )
# Java VM: OpenJDK 64-Bit Server VM (25.76-b03 mixed mode windows-amd64 compressed oops)
# Failed to write core dump. Minidumps are not enabled by default on client versions of Windows
#

---------------  T H R E A D  ---------------

Current thread (0x000000000238d800):  JavaThread "Unknown thread" [_thread_in_vm, id=19432, stack(0x0000000002210000,0x0000000002310000)]

Stack: [0x0000000002210000,0x0000000002310000]
[error occurred during error reporting (printing stack bounds), id 0xc0000005]

Native frames: (J=compiled Java code, j=interpreted, Vv=VM code, C=native code)


---------------  P R O C E S S  ---------------

Java Threads: ( => current thread )

Other Threads:

=>0x000000000238d800 (exited) JavaThread "Unknown thread" [_thread_in_vm, id=19432, stack(0x0000000002210000,0x0000000002310000)]

VM state:not at safepoint (normal execution)

VM Mutex/Monitor currently owned by a thread: None

Heap:
 PSYoungGen      total 38400K, used 665K [0x00000000eab00000, 0x00000000ed580000, 0x0000000100000000)
  eden space 33280K, 2% used [0x00000000eab00000,0x00000000eaba6670,0x00000000ecb80000)
  from space 5120K, 0% used [0x00000000ed080000,0x00000000ed080000,0x00000000ed580000)
  to   space 5120K, 0% used [0x00000000ecb80000,0x00000000ecb80000,0x00000000ed080000)
 ParOldGen       total 87552K, used 0K [0x00000000c0000000, 0x00000000c5580000, 0x00000000eab00000)
  object space 87552K, 0% used [0x00000000c0000000,0x00000000c0000000,0x00000000c5580000)
 Metaspace       used 771K, capacity 4480K, committed 4480K, reserved 1056768K
  class space    used 73K, capacity 384K, committed 384K, reserved 1048576K

Card table byte_map: [0x0000000011850000,0x0000000011a60000] byte_map_base: 0x0000000011250000

Marking Bits: (ParMarkBitMap*) 0x000000005ae59d00
 Begin Bits: [0x0000000011fc0000, 0x0000000012fc0000)
 End Bits:   [0x0000000012fc0000, 0x0000000013fc0000)

Polling page: 0x0000000000990000

CodeCache: size=245760Kb used=328Kb max_used=328Kb free=245431Kb
 bounds [0x0000000002490000, 0x0000000002700000, 0x0000000011490000]
 total_blobs=57 nmethods=0 adapters=38
 compilation: enabled

Compilation events (0 events):
No events

GC Heap History (0 events):
No events

Deoptimization events (0 events):
No events

Internal exceptions (0 events):
No events

Events (10 events):
Event: 0.505 loading class java/lang/Short
Event: 0.505 loading class java/lang/Short done
Event: 0.505 loading class java/lang/Integer
Event: 0.505 loading class java/lang/Integer done
Event: 0.505 loading class java/lang/Long
Event: 0.505 loading class java/lang/Long done
Event: 0.509 loading class java/lang/NullPointerException
Event: 0.510 loading class java/lang/NullPointerException done
Event: 0.510 loading class java/lang/ArithmeticException
Event: 0.510 loading class java/lang/ArithmeticException done


Dynamic libraries:
0x00007ff70de60000 - 0x00007ff70de91000 	C:\Program Files\Android\Android Studio\jre\bin\java.exe
0x00007ffd69390000 - 0x00007ffd69561000 	C:\WINDOWS\SYSTEM32\ntdll.dll
0x00007ffd68650000 - 0x00007ffd686fb000 	C:\WINDOWS\System32\KERNEL32.DLL
0x00007ffd658a0000 - 0x00007ffd65abd000 	C:\WINDOWS\System32\KERNELBASE.dll
0x00007ffd66ca0000 - 0x00007ffd66d42000 	C:\WINDOWS\System32\ADVAPI32.dll
0x00007ffd66960000 - 0x00007ffd669fe000 	C:\WINDOWS\System32\msvcrt.dll
0x00007ffd68760000 - 0x00007ffd687b9000 	C:\WINDOWS\System32\sechost.dll
0x00007ffd66db0000 - 0x00007ffd66ed1000 	C:\WINDOWS\System32\RPCRT4.dll
0x00007ffd68860000 - 0x00007ffd689c5000 	C:\WINDOWS\System32\USER32.dll
0x00007ffd65880000 - 0x00007ffd6589e000 	C:\WINDOWS\System32\win32u.dll
0x00007ffd66920000 - 0x00007ffd66954000 	C:\WINDOWS\System32\GDI32.dll
0x00007ffd66210000 - 0x00007ffd66392000 	C:\WINDOWS\System32\gdi32full.dll
0x00007ffd5fca0000 - 0x00007ffd5ff1a000 	C:\WINDOWS\WinSxS\amd64_microsoft.windows.common-controls_6595b64144ccf1df_6.0.14393.351_none_4213128bc687e6d3\COMCTL32.dll
0x00007ffd68be0000 - 0x00007ffd68ea7000 	C:\WINDOWS\System32\combase.dll
0x00007ffd66730000 - 0x00007ffd66825000 	C:\WINDOWS\System32\ucrtbase.dll
0x00007ffd65ac0000 - 0x00007ffd65b2a000 	C:\WINDOWS\System32\bcryptPrimitives.dll
0x00007ffd67110000 - 0x00007ffd6713e000 	C:\WINDOWS\System32\IMM32.DLL
0x000000005a5c0000 - 0x000000005a692000 	C:\Program Files\Android\Android Studio\jre\jre\bin\msvcr100.dll
0x000000005a6a0000 - 0x000000005aed4000 	C:\Program Files\Android\Android Studio\jre\jre\bin\server\jvm.dll
0x00007ffd68f40000 - 0x00007ffd68f48000 	C:\WINDOWS\System32\PSAPI.DLL
0x00007ffd40e90000 - 0x00007ffd40e99000 	C:\WINDOWS\SYSTEM32\WSOCK32.dll
0x00007ffd68eb0000 - 0x00007ffd68f1a000 	C:\WINDOWS\System32\WS2_32.dll
0x00007ffd63560000 - 0x00007ffd63583000 	C:\WINDOWS\SYSTEM32\WINMM.dll
0x00007ffd5ff20000 - 0x00007ffd5ff2a000 	C:\WINDOWS\SYSTEM32\VERSION.dll
0x00007ffd63500000 - 0x00007ffd6352b000 	C:\WINDOWS\SYSTEM32\WINMMBASE.dll
0x00007ffd668d0000 - 0x00007ffd66912000 	C:\WINDOWS\System32\cfgmgr32.dll
0x00007ffd63640000 - 0x00007ffd6364f000 	C:\Program Files\Android\Android Studio\jre\jre\bin\verify.dll
0x00007ffd5d490000 - 0x00007ffd5d4b9000 	C:\Program Files\Android\Android Studio\jre\jre\bin\java.dll
0x00007ffd5aa90000 - 0x00007ffd5aaa6000 	C:\Program Files\Android\Android Studio\jre\jre\bin\zip.dll

VM Arguments:
jvm_args: -Djava.awt.headless=true -Xmx1024M -Dfile.encoding=windows-1252 -Duser.country=IN -Duser.language=en -Duser.variant 
java_command: com.android.dx.command.Main --dex --force-jumbo --multi-dex --output C:\Users\USER\Downloads\Cognitive-Emotion-Android-master\Cognitive-Emotion-Android-master\Sample\app\build\intermediates\transforms\dex\debug\folders\1000\10\internal_impl-21.0.3_076fe74d6744f887f152d22ba75a14e06f8898d2 C:\Users\USER\Downloads\Cognitive-Emotion-Android-master\Cognitive-Emotion-Android-master\Sample\app\build\intermediates\exploded-aar\com.android.support\support-v4\21.0.3\jars\libs\internal_impl-21.0.3.jar
java_class_path (initial): C:\Users\USER\AppData\Local\Android\sdk\build-tools\21.1.2\lib\dx.jar
Launcher Type: SUN_STANDARD

Environment Variables:
JAVA_HOME=C:\Program Files\Java\jdk1.8.0_91
PATH=C:\ProgramData\Oracle\Java\javapath;C:\WinAVR-20100110\bin;C:\WinAVR-20100110\utils\bin;C:\Program Files (x86)\NVIDIA Corporation\PhysX\Common;C:\Program Files (x86)\Intel\iCLS Client\;C:\Program Files\Intel\iCLS Client\;C:\WINDOWS\system32;C:\WINDOWS;C:\WINDOWS\System32\Wbem;C:\WINDOWS\System32\WindowsPowerShell\v1.0\;C:\Program Files\Intel\Intel(R) Management Engine Components\DAL;C:\Program Files (x86)\Intel\Intel(R) Management Engine Components\DAL;C:\Program Files\Intel\Intel(R) Management Engine Components\IPT;C:\Program Files (x86)\Intel\Intel(R) Management Engine Components\IPT;C:\Program Files\Intel\WiFi\bin\;C:\Program Files\Common Files\Intel\WirelessCommon\;C:\Program Files (x86)\Skype\Phone\;C:\Program Files\MATLAB\MATLAB Production Server\R2015a\runtime\win64;C:\Program Files\MATLAB\MATLAB Production Server\R2015a\bin;C:\Program Files\MATLAB\MATLAB Production Server\R2015a\polyspace\bin;C:\Program Files\MiKTeX 2.9\miktex\bin\x64\;C:\Program Files\nodejs\;C:\Program Files\Microsoft SQL Server\130\Tools\Binn\;C:\Program Files\Microsoft\Web Platform Installer\;C:\Program Files\dotnet\;C:\Program Files\Microsoft DNX\Dnvm\;C:\Program Files (x86)\Microsoft SQL Server\110\DTS\Binn\;C:\Program Files (x86)\Microsoft SQL Server\120\DTS\Binn\;C:\Program Files (x86)\Microsoft SQL Server\130\DTS\Binn\;C:\Program Files (x86)\Windows Live\Shared;C:\Program Files (x86)\QuickTime\QTSystem\;C:\Program Files\Java\jdk1.8.0_91\bin;C:\Users\USER\AppData\Local\Microsoft\WindowsApps;C:\Python27;C:\Users\USER\AppData\Roaming\npm;C:\Program Files (x86)\Microsoft VS Code\bin
USERNAME=USER
OS=Windows_NT
PROCESSOR_IDENTIFIER=Intel64 Family 6 Model 61 Stepping 4, GenuineIntel



---------------  S Y S T E M  ---------------

OS: Windows 10.0 , 64 bit Build 14393 (10.0.14393.0)

CPU:total 4 (2 cores per cpu, 2 threads per core) family 6 model 61 stepping 4, cmov, cx8, fxsr, mmx, sse, sse2, sse3, ssse3, sse4.1, sse4.2, popcnt, avx, avx2, aes, clmul, erms, 3dnowpref, lzcnt, ht, tsc, tscinvbit, bmi1, bmi2, adx

Memory: 4k page, physical 8296896k(2142344k free), swap 10250688k(5112k free)

vm_info: OpenJDK 64-Bit Server VM (25.76-b03) for windows-amd64 JRE (1.8.0_76-release-b03), built on Jun 29 2016 19:09:20 by "ralucas" with MS VC++ 10.0 (VS2010)

time: Fri Nov 04 01:04:12 2016
elapsed time: 0 seconds (0d 0h 0m 0s)

