#
# There is insufficient memory for the Java Runtime Environment to continue.
# Native memory allocation (malloc) failed to allocate 262160 bytes for Chunk::new
# Possible reasons:
#   The system is out of physical RAM or swap space
#   In 32 bit mode, the process size limit was hit
# Possible solutions:
#   Reduce memory load on the system
#   Increase physical memory or swap space
#   Check if swap backing store is full
#   Use 64 bit Java on a 64 bit OS
#   Decrease Java heap size (-Xmx/-Xms)
#   Decrease number of Java threads
#   Decrease Java thread stack sizes (-Xss)
#   Set larger code cache with -XX:ReservedCodeCacheSize=
# This output file may be truncated or incomplete.
#
#  Out of Memory Error (allocation.cpp:390), pid=11348, tid=0x0000000000000524
#
# JRE version: OpenJDK Runtime Environment (8.0_76-b03) (build 1.8.0_76-release-b03)
# Java VM: OpenJDK 64-Bit Server VM (25.76-b03 mixed mode windows-amd64 compressed oops)
# Failed to write core dump. Minidumps are not enabled by default on client versions of Windows
#

---------------  T H R E A D  ---------------

Current thread (0x000000001564b800):  JavaThread "C2 CompilerThread0" daemon [_thread_in_native, id=1316, stack(0x0000000016ca0000,0x0000000016da0000)]

Stack: [0x0000000016ca0000,0x0000000016da0000]
[error occurred during error reporting (printing stack bounds), id 0xc0000005]

Native frames: (J=compiled Java code, j=interpreted, Vv=VM code, C=native code)


Current CompileTask:
C2:  17609 2000   !   4       com.android.dx.cf.cst.ConstantPoolParser::parse0 (731 bytes)


---------------  P R O C E S S  ---------------

Java Threads: ( => current thread )
  0x00000000156ae800 JavaThread "Service Thread" daemon [_thread_blocked, id=14432, stack(0x00000000173a0000,0x00000000174a0000)]
  0x00000000156a8000 JavaThread "C1 CompilerThread2" daemon [_thread_blocked, id=12108, stack(0x0000000016ea0000,0x0000000016fa0000)]
  0x00000000156a5000 JavaThread "C2 CompilerThread1" daemon [_thread_in_native, id=1072, stack(0x0000000016da0000,0x0000000016ea0000)]
=>0x000000001564b800 JavaThread "C2 CompilerThread0" daemon [_thread_in_native, id=1316, stack(0x0000000016ca0000,0x0000000016da0000)]
  0x000000001564a000 JavaThread "Attach Listener" daemon [_thread_blocked, id=14916, stack(0x0000000016ba0000,0x0000000016ca0000)]
  0x0000000015649000 JavaThread "Signal Dispatcher" daemon [_thread_blocked, id=14464, stack(0x0000000016aa0000,0x0000000016ba0000)]
  0x0000000015638800 JavaThread "Finalizer" daemon [_thread_blocked, id=11472, stack(0x00000000168b0000,0x00000000169b0000)]
  0x0000000002f70800 JavaThread "Reference Handler" daemon [_thread_blocked, id=11744, stack(0x00000000167b0000,0x00000000168b0000)]
  0x0000000002e7d800 JavaThread "main" [_thread_in_Java, id=4668, stack(0x0000000002d10000,0x0000000002e10000)]

Other Threads:
  0x0000000015616000 VMThread [stack: 0x00000000166b0000,0x00000000167b0000] [id=16372]
  0x0000000016fac000 WatcherThread [stack: 0x00000000174a0000,0x00000000175a0000] [id=5884]

VM state:not at safepoint (normal execution)

VM Mutex/Monitor currently owned by a thread: None

Heap:
 PSYoungGen      total 71680K, used 59749K [0x00000000eab00000, 0x00000000f4b00000, 0x0000000100000000)
  eden space 66560K, 82% used [0x00000000eab00000,0x00000000ee05cab0,0x00000000eec00000)
  from space 5120K, 99% used [0x00000000eec00000,0x00000000ef0fcbb8,0x00000000ef100000)
  to   space 15360K, 0% used [0x00000000f3c00000,0x00000000f3c00000,0x00000000f4b00000)
 ParOldGen       total 87552K, used 25022K [0x00000000c0000000, 0x00000000c5580000, 0x00000000eab00000)
  object space 87552K, 28% used [0x00000000c0000000,0x00000000c186f918,0x00000000c5580000)
 Metaspace       used 5984K, capacity 7088K, committed 7296K, reserved 1056768K
  class space    used 562K, capacity 616K, committed 640K, reserved 1048576K

Card table byte_map: [0x0000000012340000,0x0000000012550000] byte_map_base: 0x0000000011d40000

Marking Bits: (ParMarkBitMap*) 0x000000005ae59d00
 Begin Bits: [0x0000000012ab0000, 0x0000000013ab0000)
 End Bits:   [0x0000000013ab0000, 0x0000000014ab0000)

Polling page: 0x0000000002e10000

CodeCache: size=245760Kb used=8937Kb max_used=8952Kb free=236822Kb
 bounds [0x0000000002f80000, 0x0000000003850000, 0x0000000011f80000]
 total_blobs=2113 nmethods=1849 adapters=178
 compilation: enabled

Compilation events (10 events):
Event: 17.260 Thread 0x000000001564b800 nmethod 1995 0x0000000003829a10 code [0x0000000003829ba0, 0x000000000382a438]
Event: 17.261 Thread 0x000000001564b800 1996       4       com.android.dx.cf.direct.StdAttributeFactory::parse0 (532 bytes)
Event: 17.425 Thread 0x000000001564b800 nmethod 1996 0x000000000383e810 code [0x000000000383ec40, 0x0000000003842440]
Event: 17.428 Thread 0x000000001564b800 1997       4       com.android.dx.cf.code.Merger::isPossiblyAssignableFrom (202 bytes)
Event: 17.439 Thread 0x000000001564b800 nmethod 1997 0x000000000383b790 code [0x000000000383b960, 0x000000000383bff0]
Event: 17.447 Thread 0x000000001564b800 1998   !   4       com.android.dx.cf.code.OneLocalsArray::set (106 bytes)
Event: 17.454 Thread 0x000000001564b800 nmethod 1998 0x0000000003829190 code [0x0000000003829320, 0x00000000038296f8]
Event: 17.455 Thread 0x000000001564b800 1999       4       com.android.dx.rop.code.RegisterSpec::getBasicFrameType (10 bytes)
Event: 17.455 Thread 0x000000001564b800 nmethod 1999 0x0000000003808690 code [0x00000000038087c0, 0x0000000003808838]
Event: 17.457 Thread 0x000000001564b800 2000   !   4       com.android.dx.cf.cst.ConstantPoolParser::parse0 (731 bytes)

GC Heap History (10 events):
Event: 4.543 GC heap before
{Heap before GC invocations=1 (full 0):
 PSYoungGen      total 38400K, used 33280K [0x00000000eab00000, 0x00000000ed580000, 0x0000000100000000)
  eden space 33280K, 100% used [0x00000000eab00000,0x00000000ecb80000,0x00000000ecb80000)
  from space 5120K, 0% used [0x00000000ed080000,0x00000000ed080000,0x00000000ed580000)
  to   space 5120K, 0% used [0x00000000ecb80000,0x00000000ecb80000,0x00000000ed080000)
 ParOldGen       total 87552K, used 0K [0x00000000c0000000, 0x00000000c5580000, 0x00000000eab00000)
  object space 87552K, 0% used [0x00000000c0000000,0x00000000c0000000,0x00000000c5580000)
 Metaspace       used 5694K, capacity 6960K, committed 7040K, reserved 1056768K
  class space    used 537K, capacity 616K, committed 640K, reserved 1048576K
Event: 4.570 GC heap after
Heap after GC invocations=1 (full 0):
 PSYoungGen      total 38400K, used 5116K [0x00000000eab00000, 0x00000000ed580000, 0x0000000100000000)
  eden space 33280K, 0% used [0x00000000eab00000,0x00000000eab00000,0x00000000ecb80000)
  from space 5120K, 99% used [0x00000000ecb80000,0x00000000ed07f0e0,0x00000000ed080000)
  to   space 5120K, 0% used [0x00000000ed080000,0x00000000ed080000,0x00000000ed580000)
 ParOldGen       total 87552K, used 1434K [0x00000000c0000000, 0x00000000c5580000, 0x00000000eab00000)
  object space 87552K, 1% used [0x00000000c0000000,0x00000000c0166840,0x00000000c5580000)
 Metaspace       used 5694K, capacity 6960K, committed 7040K, reserved 1056768K
  class space    used 537K, capacity 616K, committed 640K, reserved 1048576K
}
Event: 5.193 GC heap before
{Heap before GC invocations=2 (full 0):
 PSYoungGen      total 38400K, used 38396K [0x00000000eab00000, 0x00000000ed580000, 0x0000000100000000)
  eden space 33280K, 100% used [0x00000000eab00000,0x00000000ecb80000,0x00000000ecb80000)
  from space 5120K, 99% used [0x00000000ecb80000,0x00000000ed07f0e0,0x00000000ed080000)
  to   space 5120K, 0% used [0x00000000ed080000,0x00000000ed080000,0x00000000ed580000)
 ParOldGen       total 87552K, used 1434K [0x00000000c0000000, 0x00000000c5580000, 0x00000000eab00000)
  object space 87552K, 1% used [0x00000000c0000000,0x00000000c0166840,0x00000000c5580000)
 Metaspace       used 5892K, capacity 7024K, committed 7296K, reserved 1056768K
  class space    used 560K, capacity 616K, committed 640K, reserved 1048576K
Event: 5.208 GC heap after
Heap after GC invocations=2 (full 0):
 PSYoungGen      total 38400K, used 5089K [0x00000000eab00000, 0x00000000ef600000, 0x0000000100000000)
  eden space 33280K, 0% used [0x00000000eab00000,0x00000000eab00000,0x00000000ecb80000)
  from space 5120K, 99% used [0x00000000ed080000,0x00000000ed5786d8,0x00000000ed580000)
  to   space 5120K, 0% used [0x00000000ecb80000,0x00000000ecb80000,0x00000000ed080000)
 ParOldGen       total 87552K, used 5845K [0x00000000c0000000, 0x00000000c5580000, 0x00000000eab00000)
  object space 87552K, 6% used [0x00000000c0000000,0x00000000c05b5598,0x00000000c5580000)
 Metaspace       used 5892K, capacity 7024K, committed 7296K, reserved 1056768K
  class space    used 560K, capacity 616K, committed 640K, reserved 1048576K
}
Event: 5.742 GC heap before
{Heap before GC invocations=3 (full 0):
 PSYoungGen      total 38400K, used 38369K [0x00000000eab00000, 0x00000000ef600000, 0x0000000100000000)
  eden space 33280K, 100% used [0x00000000eab00000,0x00000000ecb80000,0x00000000ecb80000)
  from space 5120K, 99% used [0x00000000ed080000,0x00000000ed5786d8,0x00000000ed580000)
  to   space 5120K, 0% used [0x00000000ecb80000,0x00000000ecb80000,0x00000000ed080000)
 ParOldGen       total 87552K, used 5845K [0x00000000c0000000, 0x00000000c5580000, 0x00000000eab00000)
  object space 87552K, 6% used [0x00000000c0000000,0x00000000c05b5598,0x00000000c5580000)
 Metaspace       used 5921K, capacity 7088K, committed 7296K, reserved 1056768K
  class space    used 560K, capacity 616K, committed 640K, reserved 1048576K
Event: 5.780 GC heap after
Heap after GC invocations=3 (full 0):
 PSYoungGen      total 38400K, used 5088K [0x00000000eab00000, 0x00000000ef600000, 0x0000000100000000)
  eden space 33280K, 0% used [0x00000000eab00000,0x00000000eab00000,0x00000000ecb80000)
  from space 5120K, 99% used [0x00000000ecb80000,0x00000000ed0783c8,0x00000000ed080000)
  to   space 5120K, 0% used [0x00000000ef100000,0x00000000ef100000,0x00000000ef600000)
 ParOldGen       total 87552K, used 10668K [0x00000000c0000000, 0x00000000c5580000, 0x00000000eab00000)
  object space 87552K, 12% used [0x00000000c0000000,0x00000000c0a6b0a0,0x00000000c5580000)
 Metaspace       used 5921K, capacity 7088K, committed 7296K, reserved 1056768K
  class space    used 560K, capacity 616K, committed 640K, reserved 1048576K
}
Event: 6.826 GC heap before
{Heap before GC invocations=4 (full 0):
 PSYoungGen      total 38400K, used 38368K [0x00000000eab00000, 0x00000000ef600000, 0x0000000100000000)
  eden space 33280K, 100% used [0x00000000eab00000,0x00000000ecb80000,0x00000000ecb80000)
  from space 5120K, 99% used [0x00000000ecb80000,0x00000000ed0783c8,0x00000000ed080000)
  to   space 5120K, 0% used [0x00000000ef100000,0x00000000ef100000,0x00000000ef600000)
 ParOldGen       total 87552K, used 10668K [0x00000000c0000000, 0x00000000c5580000, 0x00000000eab00000)
  object space 87552K, 12% used [0x00000000c0000000,0x00000000c0a6b0a0,0x00000000c5580000)
 Metaspace       used 5948K, capacity 7088K, committed 7296K, reserved 1056768K
  class space    used 560K, capacity 616K, committed 640K, reserved 1048576K
Event: 6.865 GC heap after
Heap after GC invocations=4 (full 0):
 PSYoungGen      total 71680K, used 5120K [0x00000000eab00000, 0x00000000ef600000, 0x0000000100000000)
  eden space 66560K, 0% used [0x00000000eab00000,0x00000000eab00000,0x00000000eec00000)
  from space 5120K, 100% used [0x00000000ef100000,0x00000000ef600000,0x00000000ef600000)
  to   space 5120K, 0% used [0x00000000eec00000,0x00000000eec00000,0x00000000ef100000)
 ParOldGen       total 87552K, used 16028K [0x00000000c0000000, 0x00000000c5580000, 0x00000000eab00000)
  object space 87552K, 18% used [0x00000000c0000000,0x00000000c0fa7358,0x00000000c5580000)
 Metaspace       used 5948K, capacity 7088K, committed 7296K, reserved 1056768K
  class space    used 560K, capacity 616K, committed 640K, reserved 1048576K
}
Event: 11.063 GC heap before
{Heap before GC invocations=5 (full 0):
 PSYoungGen      total 71680K, used 71680K [0x00000000eab00000, 0x00000000ef600000, 0x0000000100000000)
  eden space 66560K, 100% used [0x00000000eab00000,0x00000000eec00000,0x00000000eec00000)
  from space 5120K, 100% used [0x00000000ef100000,0x00000000ef600000,0x00000000ef600000)
  to   space 5120K, 0% used [0x00000000eec00000,0x00000000eec00000,0x00000000ef100000)
 ParOldGen       total 87552K, used 16028K [0x00000000c0000000, 0x00000000c5580000, 0x00000000eab00000)
  object space 87552K, 18% used [0x00000000c0000000,0x00000000c0fa7358,0x00000000c5580000)
 Metaspace       used 5968K, capacity 7088K, committed 7296K, reserved 1056768K
  class space    used 560K, capacity 616K, committed 640K, reserved 1048576K
Event: 12.141 GC heap after
Heap after GC invocations=5 (full 0):
 PSYoungGen      total 71680K, used 5106K [0x00000000eab00000, 0x00000000f4b00000, 0x0000000100000000)
  eden space 66560K, 0% used [0x00000000eab00000,0x00000000eab00000,0x00000000eec00000)
  from space 5120K, 99% used [0x00000000eec00000,0x00000000ef0fcbb8,0x00000000ef100000)
  to   space 15360K, 0% used [0x00000000f3c00000,0x00000000f3c00000,0x00000000f4b00000)
 ParOldGen       total 87552K, used 25022K [0x00000000c0000000, 0x00000000c5580000, 0x00000000eab00000)
  object space 87552K, 28% used [0x00000000c0000000,0x00000000c186f918,0x00000000c5580000)
 Metaspace       used 5968K, capacity 7088K, committed 7296K, reserved 1056768K
  class space    used 560K, capacity 616K, committed 640K, reserved 1048576K
}

Deoptimization events (10 events):
Event: 9.603 Thread 0x0000000002e7d800 Uncommon trap: reason=bimorphic action=maybe_recompile pc=0x00000000035f6fec method=com.android.dx.rop.code.RegisterSpec.withSimpleType()Lcom/android/dx/rop/code/RegisterSpec; @ 21
Event: 9.608 Thread 0x0000000002e7d800 Uncommon trap: reason=bimorphic action=maybe_recompile pc=0x00000000035f6fec method=com.android.dx.rop.code.RegisterSpec.withSimpleType()Lcom/android/dx/rop/code/RegisterSpec; @ 21
Event: 9.611 Thread 0x0000000002e7d800 Uncommon trap: reason=bimorphic action=maybe_recompile pc=0x00000000035f6fec method=com.android.dx.rop.code.RegisterSpec.withSimpleType()Lcom/android/dx/rop/code/RegisterSpec; @ 21
Event: 9.616 Thread 0x0000000002e7d800 Uncommon trap: reason=bimorphic action=maybe_recompile pc=0x00000000035f6fec method=com.android.dx.rop.code.RegisterSpec.withSimpleType()Lcom/android/dx/rop/code/RegisterSpec; @ 21
Event: 12.255 Thread 0x0000000002e7d800 Uncommon trap: reason=unstable_if action=reinterpret pc=0x00000000037885f0 method=com.android.dx.cf.code.ByteCatchList.listFor(I)Lcom/android/dx/cf/code/ByteCatchList; @ 47
Event: 16.295 Thread 0x0000000002e7d800 Uncommon trap: reason=class_check action=maybe_recompile pc=0x00000000037e716c method=com.android.dx.ssa.back.FirstFitLocalCombiningAllocator.findNextUnreservedRopReg(IILcom/android/dx/ssa/back/FirstFitLocalCombiningAllocator$Alignment;)I @ 60
Event: 16.295 Thread 0x0000000002e7d800 Uncommon trap: reason=class_check action=maybe_recompile pc=0x00000000037e716c method=com.android.dx.ssa.back.FirstFitLocalCombiningAllocator.findNextUnreservedRopReg(IILcom/android/dx/ssa/back/FirstFitLocalCombiningAllocator$Alignment;)I @ 60
Event: 16.314 Thread 0x0000000002e7d800 Uncommon trap: reason=unstable_if action=reinterpret pc=0x00000000035c532c method=com.android.dx.ssa.LiteralOpUpgrader$1.visitNonMoveInsn(Lcom/android/dx/ssa/NormalSsaInsn;)V @ 137
Event: 17.446 Thread 0x0000000002e7d800 Uncommon trap: reason=bimorphic action=maybe_recompile pc=0x00000000037025b8 method=com.android.dx.cf.code.BytecodeArray.parseInstruction(ILcom/android/dx/cf/code/BytecodeArray$Visitor;)I @ 1597
Event: 17.447 Thread 0x0000000002e7d800 Uncommon trap: reason=bimorphic action=maybe_recompile pc=0x00000000037025b8 method=com.android.dx.cf.code.BytecodeArray.parseInstruction(ILcom/android/dx/cf/code/BytecodeArray$Visitor;)I @ 1597

Internal exceptions (7 events):
Event: 0.354 Thread 0x0000000002e7d800 Exception <a 'java/lang/NoSuchMethodError': Method sun.misc.Unsafe.defineClass(Ljava/lang/String;[BII)Ljava/lang/Class; name or signature does not match> (0x00000000eab07cc0) thrown at [C:\src\android\AOSP-openjdk\external\jetbrains\jdk\hotspot\src\share\v³Ü1¦Ö?
Event: 0.354 Thread 0x0000000002e7d800 Exception <a 'java/lang/NoSuchMethodError': Method sun.misc.Unsafe.prefetchRead(Ljava/lang/Object;J)V name or signature does not match> (0x00000000eab07fa8) thrown at [C:\src\android\AOSP-openjdk\external\jetbrains\jdk\hotspot\src\share\vm\prims\jni.cpp, lŸ[ÑÒ›@
Event: 4.152 Thread 0x0000000002e7d800 Implicit null exception at 0x0000000003363762 to 0x000000000336385a
Event: 4.359 Thread 0x0000000002e7d800 Implicit null exception at 0x00000000032a6235 to 0x00000000032a84d1
Event: 4.655 Thread 0x0000000002e7d800 Exception <a 'java/lang/ArrayIndexOutOfBoundsException': 18> (0x00000000eb04ab40) thrown at [C:\src\android\AOSP-openjdk\external\jetbrains\jdk\hotspot\src\share\vm\interpreter\interpreterRuntime.cpp, line 366]
Event: 4.656 Thread 0x0000000002e7d800 Exception <a 'java/lang/ArrayIndexOutOfBoundsException'> (0x00000000eb04c6c0) thrown at [C:\src\android\AOSP-openjdk\external\jetbrains\jdk\hotspot\src\share\vm\runtime\sharedRuntime.cpp, line 605]
Event: 4.657 Thread 0x0000000002e7d800 Exception <a 'java/lang/ArrayIndexOutOfBoundsException'> (0x00000000eb04d9a8) thrown at [C:\src\android\AOSP-openjdk\external\jetbrains\jdk\hotspot\src\share\vm\runtime\sharedRuntime.cpp, line 605]

Events (10 events):
Event: 16.758 Thread 0x0000000002e7d800 DEOPT PACKING pc=0x00000000033ed719 sp=0x0000000002e0e9a0
Event: 16.758 Thread 0x0000000002e7d800 DEOPT UNPACKING pc=0x0000000002fc75bf sp=0x0000000002e0e7d0 mode 0
Event: 17.251 loading class com/android/dx/cf/iface/ParseObserver
Event: 17.251 loading class com/android/dx/cf/iface/ParseObserver done
Event: 17.446 Thread 0x0000000002e7d800 Uncommon trap: trap_request=0xffffffc6 fr.pc=0x00000000037025b8
Event: 17.446 Thread 0x0000000002e7d800 DEOPT PACKING pc=0x00000000037025b8 sp=0x0000000002e0e7a0
Event: 17.447 Thread 0x0000000002e7d800 DEOPT UNPACKING pc=0x0000000002fc556a sp=0x0000000002e0e760 mode 2
Event: 17.447 Thread 0x0000000002e7d800 Uncommon trap: trap_request=0xffffffc6 fr.pc=0x00000000037025b8
Event: 17.447 Thread 0x0000000002e7d800 DEOPT PACKING pc=0x00000000037025b8 sp=0x0000000002e0e5b0
Event: 17.447 Thread 0x0000000002e7d800 DEOPT UNPACKING pc=0x0000000002fc556a sp=0x0000000002e0e570 mode 2


Dynamic libraries:
0x00007ff70de60000 - 0x00007ff70de91000 	C:\Program Files\Android\Android Studio\jre\bin\java.exe
0x00007ffd69390000 - 0x00007ffd69561000 	C:\WINDOWS\SYSTEM32\ntdll.dll
0x00007ffd68650000 - 0x00007ffd686fb000 	C:\WINDOWS\System32\KERNEL32.DLL
0x00007ffd658a0000 - 0x00007ffd65abd000 	C:\WINDOWS\System32\KERNELBASE.dll
0x00007ffd66ca0000 - 0x00007ffd66d42000 	C:\WINDOWS\System32\ADVAPI32.dll
0x00007ffd66960000 - 0x00007ffd669fe000 	C:\WINDOWS\System32\msvcrt.dll
0x00007ffd68760000 - 0x00007ffd687b9000 	C:\WINDOWS\System32\sechost.dll
0x00007ffd66db0000 - 0x00007ffd66ed1000 	C:\WINDOWS\System32\RPCRT4.dll
0x00007ffd68860000 - 0x00007ffd689c5000 	C:\WINDOWS\System32\USER32.dll
0x00007ffd65880000 - 0x00007ffd6589e000 	C:\WINDOWS\System32\win32u.dll
0x00007ffd66920000 - 0x00007ffd66954000 	C:\WINDOWS\System32\GDI32.dll
0x00007ffd66210000 - 0x00007ffd66392000 	C:\WINDOWS\System32\gdi32full.dll
0x00007ffd5fca0000 - 0x00007ffd5ff1a000 	C:\WINDOWS\WinSxS\amd64_microsoft.windows.common-controls_6595b64144ccf1df_6.0.14393.351_none_4213128bc687e6d3\COMCTL32.dll
0x00007ffd68be0000 - 0x00007ffd68ea7000 	C:\WINDOWS\System32\combase.dll
0x00007ffd66730000 - 0x00007ffd66825000 	C:\WINDOWS\System32\ucrtbase.dll
0x00007ffd65ac0000 - 0x00007ffd65b2a000 	C:\WINDOWS\System32\bcryptPrimitives.dll
0x00007ffd67110000 - 0x00007ffd6713e000 	C:\WINDOWS\System32\IMM32.DLL
0x000000005a5c0000 - 0x000000005a692000 	C:\Program Files\Android\Android Studio\jre\jre\bin\msvcr100.dll
0x000000005a6a0000 - 0x000000005aed4000 	C:\Program Files\Android\Android Studio\jre\jre\bin\server\jvm.dll
0x00007ffd68f40000 - 0x00007ffd68f48000 	C:\WINDOWS\System32\PSAPI.DLL
0x00007ffd40e90000 - 0x00007ffd40e99000 	C:\WINDOWS\SYSTEM32\WSOCK32.dll
0x00007ffd68eb0000 - 0x00007ffd68f1a000 	C:\WINDOWS\System32\WS2_32.dll
0x00007ffd63560000 - 0x00007ffd63583000 	C:\WINDOWS\SYSTEM32\WINMM.dll
0x00007ffd5ff20000 - 0x00007ffd5ff2a000 	C:\WINDOWS\SYSTEM32\VERSION.dll
0x00007ffd63500000 - 0x00007ffd6352b000 	C:\WINDOWS\SYSTEM32\WINMMBASE.dll
0x00007ffd668d0000 - 0x00007ffd66912000 	C:\WINDOWS\System32\cfgmgr32.dll
0x00007ffd63610000 - 0x00007ffd6361f000 	C:\Program Files\Android\Android Studio\jre\jre\bin\verify.dll
0x00007ffd52490000 - 0x00007ffd524b9000 	C:\Program Files\Android\Android Studio\jre\jre\bin\java.dll
0x00007ffd635f0000 - 0x00007ffd63606000 	C:\Program Files\Android\Android Studio\jre\jre\bin\zip.dll
0x00007ffd67140000 - 0x00007ffd68649000 	C:\WINDOWS\System32\SHELL32.dll
0x00007ffd65b30000 - 0x00007ffd6620a000 	C:\WINDOWS\System32\windows.storage.dll
0x00007ffd65830000 - 0x00007ffd6587c000 	C:\WINDOWS\System32\powrprof.dll
0x00007ffd68700000 - 0x00007ffd68752000 	C:\WINDOWS\System32\shlwapi.dll
0x00007ffd657f0000 - 0x00007ffd657ff000 	C:\WINDOWS\System32\kernel.appcore.dll
0x00007ffd66680000 - 0x00007ffd66729000 	C:\WINDOWS\System32\shcore.dll
0x00007ffd65810000 - 0x00007ffd65824000 	C:\WINDOWS\System32\profapi.dll

VM Arguments:
jvm_args: -Djava.awt.headless=true -Xmx1024M -Dfile.encoding=windows-1252 -Duser.country=IN -Duser.language=en -Duser.variant 
java_command: com.android.dx.command.Main --dex --force-jumbo --multi-dex --output C:\Users\USER\Downloads\Cognitive-Emotion-Android-master\Cognitive-Emotion-Android-master\Sample\app\build\intermediates\transforms\dex\debug\folders\1000\10\com.android.support-appcompat-v7-21.0.3_9a1630316523e42361615c54e9e455eb2288ccbf C:\Users\USER\Downloads\Cognitive-Emotion-Android-master\Cognitive-Emotion-Android-master\Sample\app\build\intermediates\exploded-aar\com.android.support\appcompat-v7\21.0.3\jars\classes.jar
java_class_path (initial): C:\Users\USER\AppData\Local\Android\sdk\build-tools\21.1.2\lib\dx.jar
Launcher Type: SUN_STANDARD

Environment Variables:
JAVA_HOME=C:\Program Files\Java\jdk1.8.0_91
PATH=C:\ProgramData\Oracle\Java\javapath;C:\WinAVR-20100110\bin;C:\WinAVR-20100110\utils\bin;C:\Program Files (x86)\NVIDIA Corporation\PhysX\Common;C:\Program Files (x86)\Intel\iCLS Client\;C:\Program Files\Intel\iCLS Client\;C:\WINDOWS\system32;C:\WINDOWS;C:\WINDOWS\System32\Wbem;C:\WINDOWS\System32\WindowsPowerShell\v1.0\;C:\Program Files\Intel\Intel(R) Management Engine Components\DAL;C:\Program Files (x86)\Intel\Intel(R) Management Engine Components\DAL;C:\Program Files\Intel\Intel(R) Management Engine Components\IPT;C:\Program Files (x86)\Intel\Intel(R) Management Engine Components\IPT;C:\Program Files\Intel\WiFi\bin\;C:\Program Files\Common Files\Intel\WirelessCommon\;C:\Program Files (x86)\Skype\Phone\;C:\Program Files\MATLAB\MATLAB Production Server\R2015a\runtime\win64;C:\Program Files\MATLAB\MATLAB Production Server\R2015a\bin;C:\Program Files\MATLAB\MATLAB Production Server\R2015a\polyspace\bin;C:\Program Files\MiKTeX 2.9\miktex\bin\x64\;C:\Program Files\nodejs\;C:\Program Files\Microsoft SQL Server\130\Tools\Binn\;C:\Program Files\Microsoft\Web Platform Installer\;C:\Program Files\dotnet\;C:\Program Files\Microsoft DNX\Dnvm\;C:\Program Files (x86)\Microsoft SQL Server\110\DTS\Binn\;C:\Program Files (x86)\Microsoft SQL Server\120\DTS\Binn\;C:\Program Files (x86)\Microsoft SQL Server\130\DTS\Binn\;C:\Program Files (x86)\Windows Live\Shared;C:\Program Files (x86)\QuickTime\QTSystem\;C:\Program Files\Java\jdk1.8.0_91\bin;C:\Users\USER\AppData\Local\Microsoft\WindowsApps;C:\Python27;C:\Users\USER\AppData\Roaming\npm;C:\Program Files (x86)\Microsoft VS Code\bin
USERNAME=USER
OS=Windows_NT
PROCESSOR_IDENTIFIER=Intel64 Family 6 Model 61 Stepping 4, GenuineIntel



---------------  S Y S T E M  ---------------

OS: Windows 10.0 , 64 bit Build 14393 (10.0.14393.0)

CPU:total 4 (2 cores per cpu, 2 threads per core) family 6 model 61 stepping 4, cmov, cx8, fxsr, mmx, sse, sse2, sse3, ssse3, sse4.1, sse4.2, popcnt, avx, avx2, aes, clmul, erms, 3dnowpref, lzcnt, ht, tsc, tscinvbit, bmi1, bmi2, adx

Memory: 4k page, physical 8296896k(1589520k free), swap 10250688k(5308k free)

vm_info: OpenJDK 64-Bit Server VM (25.76-b03) for windows-amd64 JRE (1.8.0_76-release-b03), built on Jun 29 2016 19:09:20 by "ralucas" with MS VC++ 10.0 (VS2010)

time: Wed Nov 02 18:54:12 2016
elapsed time: 17 seconds (0d 0h 0m 17s)

