#
# There is insufficient memory for the Java Runtime Environment to continue.
# Native memory allocation (malloc) failed to allocate 629680 bytes for Chunk::new
# Possible reasons:
#   The system is out of physical RAM or swap space
#   In 32 bit mode, the process size limit was hit
# Possible solutions:
#   Reduce memory load on the system
#   Increase physical memory or swap space
#   Check if swap backing store is full
#   Use 64 bit Java on a 64 bit OS
#   Decrease Java heap size (-Xmx/-Xms)
#   Decrease number of Java threads
#   Decrease Java thread stack sizes (-Xss)
#   Set larger code cache with -XX:ReservedCodeCacheSize=
# This output file may be truncated or incomplete.
#
#  Out of Memory Error (allocation.cpp:390), pid=6704, tid=0x0000000000002d0c
#
# JRE version: OpenJDK Runtime Environment (8.0_76-b03) (build 1.8.0_76-release-b03)
# Java VM: OpenJDK 64-Bit Server VM (25.76-b03 mixed mode windows-amd64 compressed oops)
# Failed to write core dump. Minidumps are not enabled by default on client versions of Windows
#

---------------  T H R E A D  ---------------

Current thread (0x00000000151fb800):  JavaThread "C2 CompilerThread0" daemon [_thread_in_native, id=11532, stack(0x0000000016860000,0x0000000016960000)]

Stack: [0x0000000016860000,0x0000000016960000]
[error occurred during error reporting (printing stack bounds), id 0xc0000005]

Native frames: (J=compiled Java code, j=interpreted, Vv=VM code, C=native code)


Current CompileTask:
C2:   3414 1329   !   4       com.android.dx.cf.code.BytecodeArray::parseInstruction (2764 bytes)


---------------  P R O C E S S  ---------------

Java Threads: ( => current thread )
  0x0000000016b61800 JavaThread "Service Thread" daemon [_thread_blocked, id=10648, stack(0x0000000016f60000,0x0000000017060000)]
  0x0000000015258000 JavaThread "C1 CompilerThread2" daemon [_thread_blocked, id=3340, stack(0x0000000016a60000,0x0000000016b60000)]
  0x00000000151fe800 JavaThread "C2 CompilerThread1" daemon [_thread_in_native, id=13172, stack(0x0000000016960000,0x0000000016a60000)]
=>0x00000000151fb800 JavaThread "C2 CompilerThread0" daemon [_thread_in_native, id=11532, stack(0x0000000016860000,0x0000000016960000)]
  0x00000000151fa000 JavaThread "Attach Listener" daemon [_thread_blocked, id=18968, stack(0x0000000016760000,0x0000000016860000)]
  0x00000000151f9000 JavaThread "Signal Dispatcher" daemon [_thread_blocked, id=20288, stack(0x0000000016660000,0x0000000016760000)]
  0x0000000002afb800 JavaThread "Finalizer" daemon [_thread_blocked, id=18308, stack(0x0000000016460000,0x0000000016560000)]
  0x0000000002af0800 JavaThread "Reference Handler" daemon [_thread_blocked, id=6676, stack(0x0000000016360000,0x0000000016460000)]
  0x00000000028ad800 JavaThread "main" [_thread_in_Java, id=8232, stack(0x00000000028e0000,0x00000000029e0000)]

Other Threads:
  0x00000000151c6000 VMThread [stack: 0x0000000016260000,0x0000000016360000] [id=12724]
  0x0000000016b63800 WatcherThread [stack: 0x0000000017060000,0x0000000017160000] [id=13236]

VM state:not at safepoint (normal execution)

VM Mutex/Monitor currently owned by a thread: None

Heap:
 PSYoungGen      total 38400K, used 9443K [0x00000000eab00000, 0x00000000ed580000, 0x0000000100000000)
  eden space 33280K, 13% used [0x00000000eab00000,0x00000000eaf39b50,0x00000000ecb80000)
  from space 5120K, 99% used [0x00000000ecb80000,0x00000000ed07f0e0,0x00000000ed080000)
  to   space 5120K, 0% used [0x00000000ed080000,0x00000000ed080000,0x00000000ed580000)
 ParOldGen       total 87552K, used 1398K [0x00000000c0000000, 0x00000000c5580000, 0x00000000eab00000)
  object space 87552K, 1% used [0x00000000c0000000,0x00000000c015d988,0x00000000c5580000)
 Metaspace       used 5729K, capacity 6960K, committed 7040K, reserved 1056768K
  class space    used 541K, capacity 616K, committed 640K, reserved 1048576K

Card table byte_map: [0x0000000011ed0000,0x00000000120e0000] byte_map_base: 0x00000000118d0000

Marking Bits: (ParMarkBitMap*) 0x000000005ae59d00
 Begin Bits: [0x0000000012640000, 0x0000000013640000)
 End Bits:   [0x0000000013640000, 0x0000000014640000)

Polling page: 0x0000000002890000

CodeCache: size=245760Kb used=5985Kb max_used=5996Kb free=239774Kb
 bounds [0x0000000002b10000, 0x0000000003100000, 0x0000000011b10000]
 total_blobs=1669 nmethods=1405 adapters=178
 compilation: enabled

Compilation events (10 events):
Event: 3.358 Thread 0x0000000015258000 1391       3       java.lang.ref.Reference::clear (6 bytes)
Event: 3.358 Thread 0x0000000015258000 nmethod 1391 0x00000000030e1bd0 code [0x00000000030e1d20, 0x00000000030e1e90]
Event: 3.358 Thread 0x0000000015258000 1393       3       java.util.zip.ZipFile$ZipFileInputStream::<init> (41 bytes)
Event: 3.358 Thread 0x0000000015258000 nmethod 1393 0x00000000030e1f10 code [0x00000000030e20a0, 0x00000000030e2438]
Event: 3.359 Thread 0x0000000015258000 1394       3       java.util.ArrayDeque::pollFirst (42 bytes)
Event: 3.359 Thread 0x0000000015258000 nmethod 1394 0x00000000030e2650 code [0x00000000030e27c0, 0x00000000030e2af0]
Event: 3.359 Thread 0x0000000015258000 1395   !   3       java.util.zip.Inflater::reset (69 bytes)
Event: 3.359 Thread 0x0000000015258000 nmethod 1395 0x00000000030e2c50 code [0x00000000030e2de0, 0x00000000030e3238]
Event: 3.361 Thread 0x0000000015258000 1397       3       java.util.ArrayDeque::add (7 bytes)
Event: 3.361 Thread 0x0000000015258000 nmethod 1397 0x00000000030e3790 code [0x00000000030e3900, 0x00000000030e3aa8]

GC Heap History (2 events):
Event: 3.281 GC heap before
{Heap before GC invocations=1 (full 0):
 PSYoungGen      total 38400K, used 33280K [0x00000000eab00000, 0x00000000ed580000, 0x0000000100000000)
  eden space 33280K, 100% used [0x00000000eab00000,0x00000000ecb80000,0x00000000ecb80000)
  from space 5120K, 0% used [0x00000000ed080000,0x00000000ed080000,0x00000000ed580000)
  to   space 5120K, 0% used [0x00000000ecb80000,0x00000000ecb80000,0x00000000ed080000)
 ParOldGen       total 87552K, used 0K [0x00000000c0000000, 0x00000000c5580000, 0x00000000eab00000)
  object space 87552K, 0% used [0x00000000c0000000,0x00000000c0000000,0x00000000c5580000)
 Metaspace       used 5695K, capacity 6960K, committed 7040K, reserved 1056768K
  class space    used 537K, capacity 616K, committed 640K, reserved 1048576K
Event: 3.351 GC heap after
Heap after GC invocations=1 (full 0):
 PSYoungGen      total 38400K, used 5116K [0x00000000eab00000, 0x00000000ed580000, 0x0000000100000000)
  eden space 33280K, 0% used [0x00000000eab00000,0x00000000eab00000,0x00000000ecb80000)
  from space 5120K, 99% used [0x00000000ecb80000,0x00000000ed07f0e0,0x00000000ed080000)
  to   space 5120K, 0% used [0x00000000ed080000,0x00000000ed080000,0x00000000ed580000)
 ParOldGen       total 87552K, used 1398K [0x00000000c0000000, 0x00000000c5580000, 0x00000000eab00000)
  object space 87552K, 1% used [0x00000000c0000000,0x00000000c015d988,0x00000000c5580000)
 Metaspace       used 5695K, capacity 6960K, committed 7040K, reserved 1056768K
  class space    used 537K, capacity 616K, committed 640K, reserved 1048576K
}

Deoptimization events (10 events):
Event: 2.716 Thread 0x00000000028ad800 Uncommon trap: reason=null_check action=make_not_entrant pc=0x0000000002eae6d0 method=com.android.dx.ssa.SsaRenamer.getLocalForNewReg(I)Lcom/android/dx/rop/code/LocalItem; @ 19
Event: 2.721 Thread 0x00000000028ad800 Uncommon trap: reason=bimorphic action=maybe_recompile pc=0x0000000003046d40 method=com.android.dx.ssa.LiteralOpUpgrader.tryReplacingWithConstant(Lcom/android/dx/ssa/NormalSsaInsn;)Z @ 52
Event: 2.722 Thread 0x00000000028ad800 Uncommon trap: reason=bimorphic action=maybe_recompile pc=0x0000000003046d40 method=com.android.dx.ssa.LiteralOpUpgrader.tryReplacingWithConstant(Lcom/android/dx/ssa/NormalSsaInsn;)Z @ 52
Event: 2.736 Thread 0x00000000028ad800 Uncommon trap: reason=bimorphic action=maybe_recompile pc=0x0000000002d832ac method=java.util.HashMap.getNode(ILjava/lang/Object;)Ljava/util/HashMap$Node; @ 126
Event: 2.826 Thread 0x00000000028ad800 Uncommon trap: reason=bimorphic action=maybe_recompile pc=0x000000000308293c method=com.android.dx.cf.code.BytecodeArray.parseInstruction(ILcom/android/dx/cf/code/BytecodeArray$Visitor;)I @ 1130
Event: 2.827 Thread 0x00000000028ad800 Uncommon trap: reason=bimorphic action=maybe_recompile pc=0x000000000308293c method=com.android.dx.cf.code.BytecodeArray.parseInstruction(ILcom/android/dx/cf/code/BytecodeArray$Visitor;)I @ 1130
Event: 3.104 Thread 0x00000000028ad800 Uncommon trap: reason=unstable_if action=reinterpret pc=0x0000000002f7f69c method=com.android.dx.rop.cst.Constant.compareTo(Lcom/android/dx/rop/cst/Constant;)I @ 12
Event: 3.117 Thread 0x00000000028ad800 Uncommon trap: reason=bimorphic action=maybe_recompile pc=0x000000000308293c method=com.android.dx.cf.code.BytecodeArray.parseInstruction(ILcom/android/dx/cf/code/BytecodeArray$Visitor;)I @ 1130
Event: 3.117 Thread 0x00000000028ad800 Uncommon trap: reason=bimorphic action=maybe_recompile pc=0x000000000308293c method=com.android.dx.cf.code.BytecodeArray.parseInstruction(ILcom/android/dx/cf/code/BytecodeArray$Visitor;)I @ 1130
Event: 3.122 Thread 0x00000000028ad800 Uncommon trap: reason=bimorphic action=maybe_recompile pc=0x0000000003046d40 method=com.android.dx.ssa.LiteralOpUpgrader.tryReplacingWithConstant(Lcom/android/dx/ssa/NormalSsaInsn;)Z @ 52

Internal exceptions (4 events):
Event: 0.048 Thread 0x00000000028ad800 Exception <a 'java/lang/NoSuchMethodError': Method sun.misc.Unsafe.defineClass(Ljava/lang/String;[BII)Ljava/lang/Class; name or signature does not match> (0x00000000eab07cc0) thrown at [C:\src\android\AOSP-openjdk\external\jetbrains\jdk\hotspot\src\share\vLþýxº¿¨?
Event: 0.048 Thread 0x00000000028ad800 Exception <a 'java/lang/NoSuchMethodError': Method sun.misc.Unsafe.prefetchRead(Ljava/lang/Object;J)V name or signature does not match> (0x00000000eab07fa8) thrown at [C:\src\android\AOSP-openjdk\external\jetbrains\jdk\hotspot\src\share\vm\prims\jni.cpp, lZl?Vj@
Event: 2.177 Thread 0x00000000028ad800 Implicit null exception at 0x0000000002f02962 to 0x0000000002f02a5a
Event: 2.716 Thread 0x00000000028ad800 Implicit null exception at 0x0000000002eab49d to 0x0000000002eae68d

Events (10 events):
Event: 3.361 loading class com/android/dx/cf/attrib/AttRuntimeInvisibleParameterAnnotations
Event: 3.361 loading class com/android/dx/cf/attrib/AttRuntimeInvisibleParameterAnnotations done
Event: 3.361 loading class com/android/dx/cf/attrib/BaseParameterAnnotations
Event: 3.361 loading class com/android/dx/cf/attrib/BaseParameterAnnotations done
Event: 3.364 loading class com/android/dx/dex/file/ParameterAnnotationStruct
Event: 3.364 loading class com/android/dx/dex/file/ParameterAnnotationStruct done
Event: 3.364 loading class com/android/dx/dex/file/UniformListItem
Event: 3.364 loading class com/android/dx/dex/file/UniformListItem done
Event: 3.365 loading class com/android/dx/dex/file/AnnotationSetRefItem
Event: 3.365 loading class com/android/dx/dex/file/AnnotationSetRefItem done


Dynamic libraries:
0x00007ff70de60000 - 0x00007ff70de91000 	C:\Program Files\Android\Android Studio\jre\bin\java.exe
0x00007ffd69390000 - 0x00007ffd69561000 	C:\WINDOWS\SYSTEM32\ntdll.dll
0x00007ffd68650000 - 0x00007ffd686fb000 	C:\WINDOWS\System32\KERNEL32.DLL
0x00007ffd658a0000 - 0x00007ffd65abd000 	C:\WINDOWS\System32\KERNELBASE.dll
0x00007ffd66ca0000 - 0x00007ffd66d42000 	C:\WINDOWS\System32\ADVAPI32.dll
0x00007ffd66960000 - 0x00007ffd669fe000 	C:\WINDOWS\System32\msvcrt.dll
0x00007ffd68760000 - 0x00007ffd687b9000 	C:\WINDOWS\System32\sechost.dll
0x00007ffd66db0000 - 0x00007ffd66ed1000 	C:\WINDOWS\System32\RPCRT4.dll
0x00007ffd68860000 - 0x00007ffd689c5000 	C:\WINDOWS\System32\USER32.dll
0x00007ffd65880000 - 0x00007ffd6589e000 	C:\WINDOWS\System32\win32u.dll
0x00007ffd66920000 - 0x00007ffd66954000 	C:\WINDOWS\System32\GDI32.dll
0x00007ffd66210000 - 0x00007ffd66392000 	C:\WINDOWS\System32\gdi32full.dll
0x00007ffd5fca0000 - 0x00007ffd5ff1a000 	C:\WINDOWS\WinSxS\amd64_microsoft.windows.common-controls_6595b64144ccf1df_6.0.14393.351_none_4213128bc687e6d3\COMCTL32.dll
0x00007ffd68be0000 - 0x00007ffd68ea7000 	C:\WINDOWS\System32\combase.dll
0x00007ffd66730000 - 0x00007ffd66825000 	C:\WINDOWS\System32\ucrtbase.dll
0x00007ffd65ac0000 - 0x00007ffd65b2a000 	C:\WINDOWS\System32\bcryptPrimitives.dll
0x00007ffd67110000 - 0x00007ffd6713e000 	C:\WINDOWS\System32\IMM32.DLL
0x000000005a5c0000 - 0x000000005a692000 	C:\Program Files\Android\Android Studio\jre\jre\bin\msvcr100.dll
0x000000005a6a0000 - 0x000000005aed4000 	C:\Program Files\Android\Android Studio\jre\jre\bin\server\jvm.dll
0x00007ffd68f40000 - 0x00007ffd68f48000 	C:\WINDOWS\System32\PSAPI.DLL
0x00007ffd40e90000 - 0x00007ffd40e99000 	C:\WINDOWS\SYSTEM32\WSOCK32.dll
0x00007ffd63560000 - 0x00007ffd63583000 	C:\WINDOWS\SYSTEM32\WINMM.dll
0x00007ffd5ff20000 - 0x00007ffd5ff2a000 	C:\WINDOWS\SYSTEM32\VERSION.dll
0x00007ffd68eb0000 - 0x00007ffd68f1a000 	C:\WINDOWS\System32\WS2_32.dll
0x00000000028b0000 - 0x00000000028db000 	C:\WINDOWS\SYSTEM32\WINMMBASE.dll
0x00007ffd668d0000 - 0x00007ffd66912000 	C:\WINDOWS\System32\cfgmgr32.dll
0x00007ffd63640000 - 0x00007ffd6364f000 	C:\Program Files\Android\Android Studio\jre\jre\bin\verify.dll
0x00007ffd5d490000 - 0x00007ffd5d4b9000 	C:\Program Files\Android\Android Studio\jre\jre\bin\java.dll
0x00007ffd5aa90000 - 0x00007ffd5aaa6000 	C:\Program Files\Android\Android Studio\jre\jre\bin\zip.dll
0x00007ffd67140000 - 0x00007ffd68649000 	C:\WINDOWS\System32\SHELL32.dll
0x00007ffd65b30000 - 0x00007ffd6620a000 	C:\WINDOWS\System32\windows.storage.dll
0x00007ffd65830000 - 0x00007ffd6587c000 	C:\WINDOWS\System32\powrprof.dll
0x00007ffd68700000 - 0x00007ffd68752000 	C:\WINDOWS\System32\shlwapi.dll
0x00007ffd657f0000 - 0x00007ffd657ff000 	C:\WINDOWS\System32\kernel.appcore.dll
0x00007ffd66680000 - 0x00007ffd66729000 	C:\WINDOWS\System32\shcore.dll
0x00007ffd65810000 - 0x00007ffd65824000 	C:\WINDOWS\System32\profapi.dll

VM Arguments:
jvm_args: -Djava.awt.headless=true -Xmx1024M -Dfile.encoding=windows-1252 -Duser.country=IN -Duser.language=en -Duser.variant 
java_command: com.android.dx.command.Main --dex --force-jumbo --multi-dex --output C:\Users\USER\Downloads\Cognitive-Emotion-Android-master\Cognitive-Emotion-Android-master\Sample\app\build\intermediates\transforms\dex\debug\folders\1000\10\com.android.support-appcompat-v7-21.0.3_9a1630316523e42361615c54e9e455eb2288ccbf C:\Users\USER\Downloads\Cognitive-Emotion-Android-master\Cognitive-Emotion-Android-master\Sample\app\build\intermediates\exploded-aar\com.android.support\appcompat-v7\21.0.3\jars\classes.jar
java_class_path (initial): C:\Users\USER\AppData\Local\Android\sdk\build-tools\21.1.2\lib\dx.jar
Launcher Type: SUN_STANDARD

Environment Variables:
JAVA_HOME=C:\Program Files\Java\jdk1.8.0_91
PATH=C:\ProgramData\Oracle\Java\javapath;C:\WinAVR-20100110\bin;C:\WinAVR-20100110\utils\bin;C:\Program Files (x86)\NVIDIA Corporation\PhysX\Common;C:\Program Files (x86)\Intel\iCLS Client\;C:\Program Files\Intel\iCLS Client\;C:\WINDOWS\system32;C:\WINDOWS;C:\WINDOWS\System32\Wbem;C:\WINDOWS\System32\WindowsPowerShell\v1.0\;C:\Program Files\Intel\Intel(R) Management Engine Components\DAL;C:\Program Files (x86)\Intel\Intel(R) Management Engine Components\DAL;C:\Program Files\Intel\Intel(R) Management Engine Components\IPT;C:\Program Files (x86)\Intel\Intel(R) Management Engine Components\IPT;C:\Program Files\Intel\WiFi\bin\;C:\Program Files\Common Files\Intel\WirelessCommon\;C:\Program Files (x86)\Skype\Phone\;C:\Program Files\MATLAB\MATLAB Production Server\R2015a\runtime\win64;C:\Program Files\MATLAB\MATLAB Production Server\R2015a\bin;C:\Program Files\MATLAB\MATLAB Production Server\R2015a\polyspace\bin;C:\Program Files\MiKTeX 2.9\miktex\bin\x64\;C:\Program Files\nodejs\;C:\Program Files\Microsoft SQL Server\130\Tools\Binn\;C:\Program Files\Microsoft\Web Platform Installer\;C:\Program Files\dotnet\;C:\Program Files\Microsoft DNX\Dnvm\;C:\Program Files (x86)\Microsoft SQL Server\110\DTS\Binn\;C:\Program Files (x86)\Microsoft SQL Server\120\DTS\Binn\;C:\Program Files (x86)\Microsoft SQL Server\130\DTS\Binn\;C:\Program Files (x86)\Windows Live\Shared;C:\Program Files (x86)\QuickTime\QTSystem\;C:\Program Files\Java\jdk1.8.0_91\bin;C:\Users\USER\AppData\Local\Microsoft\WindowsApps;C:\Python27;C:\Users\USER\AppData\Roaming\npm;C:\Program Files (x86)\Microsoft VS Code\bin
USERNAME=USER
OS=Windows_NT
PROCESSOR_IDENTIFIER=Intel64 Family 6 Model 61 Stepping 4, GenuineIntel



---------------  S Y S T E M  ---------------

OS: Windows 10.0 , 64 bit Build 14393 (10.0.14393.0)

CPU:total 4 (2 cores per cpu, 2 threads per core) family 6 model 61 stepping 4, cmov, cx8, fxsr, mmx, sse, sse2, sse3, ssse3, sse4.1, sse4.2, popcnt, avx, avx2, aes, clmul, erms, 3dnowpref, lzcnt, ht, tsc, tscinvbit, bmi1, bmi2, adx

Memory: 4k page, physical 8296896k(2142352k free), swap 10250688k(5112k free)

vm_info: OpenJDK 64-Bit Server VM (25.76-b03) for windows-amd64 JRE (1.8.0_76-release-b03), built on Jun 29 2016 19:09:20 by "ralucas" with MS VC++ 10.0 (VS2010)

time: Fri Nov 04 01:04:12 2016
elapsed time: 3 seconds (0d 0h 0m 3s)

