#
# There is insufficient memory for the Java Runtime Environment to continue.
# Native memory allocation (malloc) failed to allocate 669328 bytes for Chunk::new
# Possible reasons:
#   The system is out of physical RAM or swap space
#   In 32 bit mode, the process size limit was hit
# Possible solutions:
#   Reduce memory load on the system
#   Increase physical memory or swap space
#   Check if swap backing store is full
#   Use 64 bit Java on a 64 bit OS
#   Decrease Java heap size (-Xmx/-Xms)
#   Decrease number of Java threads
#   Decrease Java thread stack sizes (-Xss)
#   Set larger code cache with -XX:ReservedCodeCacheSize=
# This output file may be truncated or incomplete.
#
#  Out of Memory Error (allocation.cpp:390), pid=1992, tid=0x0000000000000ff4
#
# JRE version: OpenJDK Runtime Environment (8.0_76-b03) (build 1.8.0_76-release-b03)
# Java VM: OpenJDK 64-Bit Server VM (25.76-b03 mixed mode windows-amd64 compressed oops)
# Failed to write core dump. Minidumps are not enabled by default on client versions of Windows
#

---------------  T H R E A D  ---------------

Current thread (0x0000000014cfe800):  JavaThread "C2 CompilerThread1" daemon [_thread_in_native, id=4084, stack(0x0000000016460000,0x0000000016560000)]

Stack: [0x0000000016460000,0x0000000016560000]
[error occurred during error reporting (printing stack bounds), id 0xc0000005]

Native frames: (J=compiled Java code, j=interpreted, Vv=VM code, C=native code)


Current CompileTask:
C2:  12481 1610   !   4       com.android.dx.cf.code.Ropper::processBlock (1101 bytes)


---------------  P R O C E S S  ---------------

Java Threads: ( => current thread )
  0x0000000016661800 JavaThread "Service Thread" daemon [_thread_blocked, id=2676, stack(0x0000000016a60000,0x0000000016b60000)]
  0x0000000014d5b800 JavaThread "C1 CompilerThread2" daemon [_thread_blocked, id=13524, stack(0x0000000016560000,0x0000000016660000)]
=>0x0000000014cfe800 JavaThread "C2 CompilerThread1" daemon [_thread_in_native, id=4084, stack(0x0000000016460000,0x0000000016560000)]
  0x0000000014cfb800 JavaThread "C2 CompilerThread0" daemon [_thread_in_native, id=17208, stack(0x0000000016360000,0x0000000016460000)]
  0x0000000014cfa000 JavaThread "Attach Listener" daemon [_thread_blocked, id=12412, stack(0x0000000016260000,0x0000000016360000)]
  0x0000000014cf9000 JavaThread "Signal Dispatcher" daemon [_thread_blocked, id=6780, stack(0x0000000016160000,0x0000000016260000)]
  0x0000000014ce8800 JavaThread "Finalizer" daemon [_thread_blocked, id=11756, stack(0x0000000015f70000,0x0000000016070000)]
  0x0000000002620800 JavaThread "Reference Handler" daemon [_thread_blocked, id=15504, stack(0x0000000015e70000,0x0000000015f70000)]
  0x000000000252d800 JavaThread "main" [_thread_in_Java, id=11716, stack(0x0000000002380000,0x0000000002480000)]

Other Threads:
  0x0000000014cc6000 VMThread [stack: 0x0000000015d70000,0x0000000015e70000] [id=12720]
  0x0000000016663800 WatcherThread [stack: 0x0000000016b60000,0x0000000016c60000] [id=8920]

VM state:not at safepoint (normal execution)

VM Mutex/Monitor currently owned by a thread: None

Heap:
 PSYoungGen      total 38400K, used 38378K [0x00000000eab00000, 0x00000000ef600000, 0x0000000100000000)
  eden space 33280K, 100% used [0x00000000eab00000,0x00000000ecb80000,0x00000000ecb80000)
  from space 5120K, 99% used [0x00000000ecb80000,0x00000000ed07aab8,0x00000000ed080000)
  to   space 5120K, 0% used [0x00000000ef100000,0x00000000ef100000,0x00000000ef600000)
 ParOldGen       total 87552K, used 1455K [0x00000000c0000000, 0x00000000c5580000, 0x00000000eab00000)
  object space 87552K, 1% used [0x00000000c0000000,0x00000000c016bd38,0x00000000c5580000)
 Metaspace       used 5810K, capacity 7024K, committed 7296K, reserved 1056768K
  class space    used 537K, capacity 616K, committed 640K, reserved 1048576K

Card table byte_map: [0x00000000119f0000,0x0000000011c00000] byte_map_base: 0x00000000113f0000

Marking Bits: (ParMarkBitMap*) 0x000000005ae59d00
 Begin Bits: [0x0000000012160000, 0x0000000013160000)
 End Bits:   [0x0000000013160000, 0x0000000014160000)

Polling page: 0x0000000000a60000

CodeCache: size=245760Kb used=7659Kb max_used=7659Kb free=238100Kb
 bounds [0x0000000002630000, 0x0000000002dc0000, 0x0000000011630000]
 total_blobs=1884 nmethods=1620 adapters=178
 compilation: enabled

Compilation events (10 events):
Event: 11.767 Thread 0x0000000014d5b800 1606       1       com.android.dx.rop.cst.CstKnownNull::getType (4 bytes)
Event: 11.768 Thread 0x0000000014d5b800 nmethod 1606 0x0000000002d81d50 code [0x0000000002d81ea0, 0x0000000002d81fb0]
Event: 11.770 Thread 0x0000000014cfb800 1607   !   4       com.android.dx.cf.cst.ConstantPoolParser::parse0 (731 bytes)
Event: 11.770 Thread 0x0000000014cfe800 1608   !   4       com.android.dx.rop.type.Type::intern (319 bytes)
Event: 11.826 Thread 0x0000000014cfe800 nmethod 1608 0x0000000002daae10 code [0x0000000002dab060, 0x0000000002dac780]
Event: 11.827 Thread 0x0000000014cfe800 1609       4       com.android.dx.rop.code.RegisterSpec::getBasicType (10 bytes)
Event: 11.828 Thread 0x0000000014cfe800 nmethod 1609 0x0000000002d7c4d0 code [0x0000000002d7c620, 0x0000000002d7c6b8]
Event: 11.828 Thread 0x0000000014cfe800 1610   !   4       com.android.dx.cf.code.Ropper::processBlock (1101 bytes)
Event: 11.893 Thread 0x0000000014d5b800 1613       3       com.android.dx.rop.cst.CstString::<init> (42 bytes)
Event: 11.893 Thread 0x0000000014d5b800 nmethod 1613 0x0000000002da1610 code [0x0000000002da17e0, 0x0000000002da1d78]

GC Heap History (2 events):
Event: 7.553 GC heap before
{Heap before GC invocations=1 (full 0):
 PSYoungGen      total 38400K, used 33280K [0x00000000eab00000, 0x00000000ed580000, 0x0000000100000000)
  eden space 33280K, 100% used [0x00000000eab00000,0x00000000ecb80000,0x00000000ecb80000)
  from space 5120K, 0% used [0x00000000ed080000,0x00000000ed080000,0x00000000ed580000)
  to   space 5120K, 0% used [0x00000000ecb80000,0x00000000ecb80000,0x00000000ed080000)
 ParOldGen       total 87552K, used 0K [0x00000000c0000000, 0x00000000c5580000, 0x00000000eab00000)
  object space 87552K, 0% used [0x00000000c0000000,0x00000000c0000000,0x00000000c5580000)
 Metaspace       used 5726K, capacity 6960K, committed 7040K, reserved 1056768K
  class space    used 536K, capacity 616K, committed 640K, reserved 1048576K
Event: 7.786 GC heap after
Heap after GC invocations=1 (full 0):
 PSYoungGen      total 38400K, used 5098K [0x00000000eab00000, 0x00000000ef600000, 0x0000000100000000)
  eden space 33280K, 0% used [0x00000000eab00000,0x00000000eab00000,0x00000000ecb80000)
  from space 5120K, 99% used [0x00000000ecb80000,0x00000000ed07aab8,0x00000000ed080000)
  to   space 5120K, 0% used [0x00000000ef100000,0x00000000ef100000,0x00000000ef600000)
 ParOldGen       total 87552K, used 1455K [0x00000000c0000000, 0x00000000c5580000, 0x00000000eab00000)
  object space 87552K, 1% used [0x00000000c0000000,0x00000000c016bd38,0x00000000c5580000)
 Metaspace       used 5726K, capacity 6960K, committed 7040K, reserved 1056768K
  class space    used 536K, capacity 616K, committed 640K, reserved 1048576K
}

Deoptimization events (10 events):
Event: 8.131 Thread 0x000000000252d800 Uncommon trap: reason=class_check action=maybe_recompile pc=0x0000000002c49ccc method=com.android.dx.cf.code.BytecodeArray.parseInstruction(ILcom/android/dx/cf/code/BytecodeArray$Visitor;)I @ 1672
Event: 8.146 Thread 0x000000000252d800 Uncommon trap: reason=unstable_if action=reinterpret pc=0x0000000002c3734c method=com.android.dx.ssa.SsaRenamer$BlockRenamer.visitMoveInsn(Lcom/android/dx/ssa/NormalSsaInsn;)V @ 104
Event: 8.781 Thread 0x000000000252d800 Uncommon trap: reason=unstable_if action=reinterpret pc=0x0000000002bc13f8 method=com.android.dx.ssa.LiteralOpUpgrader$1.visitNonMoveInsn(Lcom/android/dx/ssa/NormalSsaInsn;)V @ 151
Event: 9.506 Thread 0x000000000252d800 Uncommon trap: reason=unloaded action=reinterpret pc=0x0000000002c14cb4 method=com.android.dx.cf.cst.ConstantPoolParser.parse0(ILjava/util/BitSet;)Lcom/android/dx/rop/cst/Constant; @ 198
Event: 9.507 Thread 0x000000000252d800 Uncommon trap: reason=unstable_if action=reinterpret pc=0x0000000002c30f78 method=com.android.dx.rop.cst.StdConstantPool.set(ILcom/android/dx/rop/cst/Constant;)V @ 12
Event: 10.483 Thread 0x000000000252d800 Uncommon trap: reason=bimorphic action=maybe_recompile pc=0x0000000002d07214 method=com.android.dx.ssa.SCCP.simulatePhi(Lcom/android/dx/ssa/PhiInsn;)V @ 124
Event: 10.507 Thread 0x000000000252d800 Uncommon trap: reason=uninitialized action=reinterpret pc=0x0000000002c79c4c method=com.android.dx.cf.code.BytecodeArray.parseInstruction(ILcom/android/dx/cf/code/BytecodeArray$Visitor;)I @ 999
Event: 10.863 Thread 0x000000000252d800 Uncommon trap: reason=unstable_if action=reinterpret pc=0x0000000002b7cf9c method=com.android.dx.ssa.SCCP.simulateStmt(Lcom/android/dx/ssa/SsaInsn;)V @ 53
Event: 10.863 Thread 0x000000000252d800 Uncommon trap: reason=unstable_if action=reinterpret pc=0x0000000002bb73fc method=com.android.dx.ssa.SCCP.simulateBranch(Lcom/android/dx/ssa/SsaInsn;)V @ 64
Event: 10.873 Thread 0x000000000252d800 Uncommon trap: reason=unstable_if action=reinterpret pc=0x0000000002a88b9c method=com.android.dx.ssa.SsaMethod.updateOneDefinition(Lcom/android/dx/ssa/SsaInsn;Lcom/android/dx/rop/code/RegisterSpec;)V @ 4

Internal exceptions (2 events):
Event: 0.397 Thread 0x000000000252d800 Exception <a 'java/lang/NoSuchMethodError': Method sun.misc.Unsafe.defineClass(Ljava/lang/String;[BII)Ljava/lang/Class; name or signature does not match> (0x00000000eab07cc0) thrown at [C:\src\android\AOSP-openjdk\external\jetbrains\jdk\hotspot\src\share\v–:CãúgÙ?
Event: 0.397 Thread 0x000000000252d800 Exception <a 'java/lang/NoSuchMethodError': Method sun.misc.Unsafe.prefetchRead(Ljava/lang/Object;J)V name or signature does not match> (0x00000000eab07fa8) thrown at [C:\src\android\AOSP-openjdk\external\jetbrains\jdk\hotspot\src\share\vm\prims\jni.cpp, l

Events (10 events):
Event: 10.863 Thread 0x000000000252d800 DEOPT PACKING pc=0x0000000002b7cf9c sp=0x000000000247e3f0
Event: 10.863 Thread 0x000000000252d800 DEOPT UNPACKING pc=0x000000000267556a sp=0x000000000247e3d8 mode 2
Event: 10.863 Thread 0x000000000252d800 Uncommon trap: trap_request=0xffffff65 fr.pc=0x0000000002bb73fc
Event: 10.863 Thread 0x000000000252d800 DEOPT PACKING pc=0x0000000002bb73fc sp=0x000000000247e3a0
Event: 10.863 Thread 0x000000000252d800 DEOPT UNPACKING pc=0x000000000267556a sp=0x000000000247e310 mode 2
Event: 10.872 loading class com/android/dx/rop/code/RegOps
Event: 10.872 loading class com/android/dx/rop/code/RegOps done
Event: 10.873 Thread 0x000000000252d800 Uncommon trap: trap_request=0xffffff65 fr.pc=0x0000000002a88b9c
Event: 10.873 Thread 0x000000000252d800 DEOPT PACKING pc=0x0000000002a88b9c sp=0x000000000247e2d0
Event: 10.873 Thread 0x000000000252d800 DEOPT UNPACKING pc=0x000000000267556a sp=0x000000000247e278 mode 2


Dynamic libraries:
0x00007ff70de60000 - 0x00007ff70de91000 	C:\Program Files\Android\Android Studio\jre\bin\java.exe
0x00007ffd69390000 - 0x00007ffd69561000 	C:\WINDOWS\SYSTEM32\ntdll.dll
0x00007ffd68650000 - 0x00007ffd686fb000 	C:\WINDOWS\System32\KERNEL32.DLL
0x00007ffd658a0000 - 0x00007ffd65abd000 	C:\WINDOWS\System32\KERNELBASE.dll
0x00007ffd66ca0000 - 0x00007ffd66d42000 	C:\WINDOWS\System32\ADVAPI32.dll
0x00007ffd66960000 - 0x00007ffd669fe000 	C:\WINDOWS\System32\msvcrt.dll
0x00007ffd68760000 - 0x00007ffd687b9000 	C:\WINDOWS\System32\sechost.dll
0x00007ffd66db0000 - 0x00007ffd66ed1000 	C:\WINDOWS\System32\RPCRT4.dll
0x00007ffd68860000 - 0x00007ffd689c5000 	C:\WINDOWS\System32\USER32.dll
0x00007ffd65880000 - 0x00007ffd6589e000 	C:\WINDOWS\System32\win32u.dll
0x00007ffd66920000 - 0x00007ffd66954000 	C:\WINDOWS\System32\GDI32.dll
0x00007ffd66210000 - 0x00007ffd66392000 	C:\WINDOWS\System32\gdi32full.dll
0x00007ffd5fca0000 - 0x00007ffd5ff1a000 	C:\WINDOWS\WinSxS\amd64_microsoft.windows.common-controls_6595b64144ccf1df_6.0.14393.351_none_4213128bc687e6d3\COMCTL32.dll
0x00007ffd68be0000 - 0x00007ffd68ea7000 	C:\WINDOWS\System32\combase.dll
0x00007ffd66730000 - 0x00007ffd66825000 	C:\WINDOWS\System32\ucrtbase.dll
0x00007ffd65ac0000 - 0x00007ffd65b2a000 	C:\WINDOWS\System32\bcryptPrimitives.dll
0x00007ffd67110000 - 0x00007ffd6713e000 	C:\WINDOWS\System32\IMM32.DLL
0x000000005a5c0000 - 0x000000005a692000 	C:\Program Files\Android\Android Studio\jre\jre\bin\msvcr100.dll
0x000000005a6a0000 - 0x000000005aed4000 	C:\Program Files\Android\Android Studio\jre\jre\bin\server\jvm.dll
0x00007ffd68f40000 - 0x00007ffd68f48000 	C:\WINDOWS\System32\PSAPI.DLL
0x00007ffd40e90000 - 0x00007ffd40e99000 	C:\WINDOWS\SYSTEM32\WSOCK32.dll
0x00007ffd68eb0000 - 0x00007ffd68f1a000 	C:\WINDOWS\System32\WS2_32.dll
0x00007ffd63560000 - 0x00007ffd63583000 	C:\WINDOWS\SYSTEM32\WINMM.dll
0x00007ffd5ff20000 - 0x00007ffd5ff2a000 	C:\WINDOWS\SYSTEM32\VERSION.dll
0x00007ffd63500000 - 0x00007ffd6352b000 	C:\WINDOWS\SYSTEM32\WINMMBASE.dll
0x00007ffd668d0000 - 0x00007ffd66912000 	C:\WINDOWS\System32\cfgmgr32.dll
0x00007ffd63610000 - 0x00007ffd6361f000 	C:\Program Files\Android\Android Studio\jre\jre\bin\verify.dll
0x00007ffd52490000 - 0x00007ffd524b9000 	C:\Program Files\Android\Android Studio\jre\jre\bin\java.dll
0x00007ffd635f0000 - 0x00007ffd63606000 	C:\Program Files\Android\Android Studio\jre\jre\bin\zip.dll
0x00007ffd67140000 - 0x00007ffd68649000 	C:\WINDOWS\System32\SHELL32.dll
0x00007ffd65b30000 - 0x00007ffd6620a000 	C:\WINDOWS\System32\windows.storage.dll
0x00007ffd65830000 - 0x00007ffd6587c000 	C:\WINDOWS\System32\powrprof.dll
0x00007ffd68700000 - 0x00007ffd68752000 	C:\WINDOWS\System32\shlwapi.dll
0x00007ffd657f0000 - 0x00007ffd657ff000 	C:\WINDOWS\System32\kernel.appcore.dll
0x00007ffd66680000 - 0x00007ffd66729000 	C:\WINDOWS\System32\shcore.dll
0x00007ffd65810000 - 0x00007ffd65824000 	C:\WINDOWS\System32\profapi.dll

VM Arguments:
jvm_args: -Djava.awt.headless=true -Xmx1024M -Dfile.encoding=windows-1252 -Duser.country=IN -Duser.language=en -Duser.variant 
java_command: com.android.dx.command.Main --dex --force-jumbo --multi-dex --output C:\Users\USER\Downloads\Cognitive-Emotion-Android-master\Cognitive-Emotion-Android-master\Sample\app\build\intermediates\transforms\dex\debug\folders\1000\10\internal_impl-21.0.3_076fe74d6744f887f152d22ba75a14e06f8898d2 C:\Users\USER\Downloads\Cognitive-Emotion-Android-master\Cognitive-Emotion-Android-master\Sample\app\build\intermediates\exploded-aar\com.android.support\support-v4\21.0.3\jars\libs\internal_impl-21.0.3.jar
java_class_path (initial): C:\Users\USER\AppData\Local\Android\sdk\build-tools\21.1.2\lib\dx.jar
Launcher Type: SUN_STANDARD

Environment Variables:
JAVA_HOME=C:\Program Files\Java\jdk1.8.0_91
PATH=C:\ProgramData\Oracle\Java\javapath;C:\WinAVR-20100110\bin;C:\WinAVR-20100110\utils\bin;C:\Program Files (x86)\NVIDIA Corporation\PhysX\Common;C:\Program Files (x86)\Intel\iCLS Client\;C:\Program Files\Intel\iCLS Client\;C:\WINDOWS\system32;C:\WINDOWS;C:\WINDOWS\System32\Wbem;C:\WINDOWS\System32\WindowsPowerShell\v1.0\;C:\Program Files\Intel\Intel(R) Management Engine Components\DAL;C:\Program Files (x86)\Intel\Intel(R) Management Engine Components\DAL;C:\Program Files\Intel\Intel(R) Management Engine Components\IPT;C:\Program Files (x86)\Intel\Intel(R) Management Engine Components\IPT;C:\Program Files\Intel\WiFi\bin\;C:\Program Files\Common Files\Intel\WirelessCommon\;C:\Program Files (x86)\Skype\Phone\;C:\Program Files\MATLAB\MATLAB Production Server\R2015a\runtime\win64;C:\Program Files\MATLAB\MATLAB Production Server\R2015a\bin;C:\Program Files\MATLAB\MATLAB Production Server\R2015a\polyspace\bin;C:\Program Files\MiKTeX 2.9\miktex\bin\x64\;C:\Program Files\nodejs\;C:\Program Files\Microsoft SQL Server\130\Tools\Binn\;C:\Program Files\Microsoft\Web Platform Installer\;C:\Program Files\dotnet\;C:\Program Files\Microsoft DNX\Dnvm\;C:\Program Files (x86)\Microsoft SQL Server\110\DTS\Binn\;C:\Program Files (x86)\Microsoft SQL Server\120\DTS\Binn\;C:\Program Files (x86)\Microsoft SQL Server\130\DTS\Binn\;C:\Program Files (x86)\Windows Live\Shared;C:\Program Files (x86)\QuickTime\QTSystem\;C:\Program Files\Java\jdk1.8.0_91\bin;C:\Users\USER\AppData\Local\Microsoft\WindowsApps;C:\Python27;C:\Users\USER\AppData\Roaming\npm;C:\Program Files (x86)\Microsoft VS Code\bin
USERNAME=USER
OS=Windows_NT
PROCESSOR_IDENTIFIER=Intel64 Family 6 Model 61 Stepping 4, GenuineIntel



---------------  S Y S T E M  ---------------

OS: Windows 10.0 , 64 bit Build 14393 (10.0.14393.0)

CPU:total 4 (2 cores per cpu, 2 threads per core) family 6 model 61 stepping 4, cmov, cx8, fxsr, mmx, sse, sse2, sse3, ssse3, sse4.1, sse4.2, popcnt, avx, avx2, aes, clmul, erms, 3dnowpref, lzcnt, ht, tsc, tscinvbit, bmi1, bmi2, adx

Memory: 4k page, physical 8296896k(1589520k free), swap 10250688k(5308k free)

vm_info: OpenJDK 64-Bit Server VM (25.76-b03) for windows-amd64 JRE (1.8.0_76-release-b03), built on Jun 29 2016 19:09:20 by "ralucas" with MS VC++ 10.0 (VS2010)

time: Wed Nov 02 18:54:12 2016
elapsed time: 12 seconds (0d 0h 0m 12s)

